[ +229 ms] Artifact Instance of 'MaterialFonts' is not required, skipping update.
[   +1 ms] Artifact Instance of 'GradleWrapper' is not required, skipping update.
[        ] Artifact Instance of 'AndroidGenSnapshotArtifacts' is not required, skipping update.
[        ] Artifact Instance of 'AndroidInternalBuildArtifacts' is not required, skipping update.
[        ] Artifact Instance of 'IOSEngineArtifacts' is not required, skipping update.
[        ] Artifact Instance of 'FlutterWebSdk' is not required, skipping update.
[   +1 ms] Artifact Instance of 'LegacyCanvasKitRemover' is not required, skipping update.
[        ] Artifact Instance of 'FlutterSdk' is not required, skipping update.
[        ] Artifact Instance of 'WindowsEngineArtifacts' is not required, skipping update.
[        ] Artifact Instance of 'MacOSEngineArtifacts' is not required, skipping update.
[        ] Artifact Instance of 'LinuxEngineArtifacts' is not required, skipping update.
[        ] Artifact Instance of 'LinuxFuchsiaSDKArtifacts' is not required, skipping update.
[        ] Artifact Instance of 'MacOSFuchsiaSDKArtifacts' is not required, skipping update.
[        ] Artifact Instance of 'FlutterRunnerSDKArtifacts' is not required, skipping update.
[        ] Artifact Instance of 'FlutterRunnerDebugSymbols' is not required, skipping update.
[        ] Artifact Instance of 'IosUsbArtifacts' is not required, skipping update.
[        ] Artifact Instance of 'IosUsbArtifacts' is not required, skipping update.
[        ] Artifact Instance of 'IosUsbArtifacts' is not required, skipping update.
[        ] Artifact Instance of 'IosUsbArtifacts' is not required, skipping update.
[        ] Artifact Instance of 'IosUsbArtifacts' is not required, skipping update.
[        ] Artifact Instance of 'IosUsbArtifacts' is not required, skipping update.
[        ] Artifact Instance of 'FontSubsetArtifacts' is not required, skipping update.
[        ] Artifact Instance of 'PubDependencies' is not required, skipping update.
[ +102 ms] Artifact Instance of 'AndroidGenSnapshotArtifacts' is not required, skipping update.
[        ] Artifact Instance of 'AndroidInternalBuildArtifacts' is not required, skipping update.
[        ] Artifact Instance of 'IOSEngineArtifacts' is not required, skipping update.
[        ] Artifact Instance of 'FlutterWebSdk' is not required, skipping update.
[        ] Artifact Instance of 'FlutterEngineStamp' is not required, skipping update.
[        ] Artifact Instance of 'LegacyCanvasKitRemover' is not required, skipping update.
[   +2 ms] Artifact Instance of 'WindowsEngineArtifacts' is not required, skipping update.
[        ] Artifact Instance of 'MacOSEngineArtifacts' is not required, skipping update.
[        ] Artifact Instance of 'LinuxEngineArtifacts' is not required, skipping update.
[        ] Artifact Instance of 'LinuxFuchsiaSDKArtifacts' is not required, skipping update.
[        ] Artifact Instance of 'MacOSFuchsiaSDKArtifacts' is not required, skipping update.
[        ] Artifact Instance of 'FlutterRunnerSDKArtifacts' is not required, skipping update.
[        ] Artifact Instance of 'FlutterRunnerDebugSymbols' is not required, skipping update.
[  +88 ms] executing: C:\Users\user\AppData\Local\Android\sdk\platform-tools\adb.exe devices -l
[  +81 ms] List of devices attached
           R8YW40AW58L            device product:a14mnnxx model:SM_A145P device:a14m transport_id:1
[   +5 ms] C:\Users\user\AppData\Local\Android\sdk\platform-tools\adb.exe -s R8YW40AW58L shell getprop
[ +119 ms] Artifact Instance of 'AndroidInternalBuildArtifacts' is not required, skipping update.
[        ] Artifact Instance of 'IOSEngineArtifacts' is not required, skipping update.
[        ] Artifact Instance of 'FlutterEngineStamp' is not required, skipping update.
[   +2 ms] Artifact Instance of 'WindowsEngineArtifacts' is not required, skipping update.
[        ] Artifact Instance of 'MacOSEngineArtifacts' is not required, skipping update.
[        ] Artifact Instance of 'LinuxEngineArtifacts' is not required, skipping update.
[        ] Artifact Instance of 'LinuxFuchsiaSDKArtifacts' is not required, skipping update.
[        ] Artifact Instance of 'MacOSFuchsiaSDKArtifacts' is not required, skipping update.
[        ] Artifact Instance of 'FlutterRunnerSDKArtifacts' is not required, skipping update.
[        ] Artifact Instance of 'FlutterRunnerDebugSymbols' is not required, skipping update.
[ +138 ms] executing: [C:\Users\user\Music\wawapp-ai\apps\wawapp_driver/] C:\flutter\bin\cache\dart-sdk\bin\dart pub --suppress-analytics --directory . get --example
Resolving dependencies...
Downloading packages...
  _fe_analyzer_shared 91.0.0 (92.0.0 available)
  _flutterfire_internals 1.3.59 (1.3.64 available)
  analyzer 8.4.1 (9.0.0 available)
  build 4.0.2 (4.0.3 available)
  build_daemon 4.1.0 (4.1.1 available)
  build_runner 2.10.1 (2.10.4 available)
  built_value 8.12.0 (8.12.1 available)
  characters 1.4.0 (1.4.1 available)
  cloud_firestore 5.6.12 (6.1.0 available)
  cloud_firestore_platform_interface 6.6.12 (7.0.4 available)
  cloud_firestore_web 4.4.12 (5.1.0 available)
  crypto 3.0.6 (3.0.7 available)
  dart_style 3.1.2 (3.1.3 available)
  firebase_analytics 11.6.0 (12.0.4 available)
  firebase_analytics_platform_interface 4.4.3 (5.0.4 available)
  firebase_analytics_web 0.5.10+16 (0.6.1 available)
  firebase_auth 5.7.0 (6.1.2 available)
  firebase_auth_platform_interface 7.7.3 (8.1.4 available)
  firebase_auth_web 5.15.3 (6.1.0 available)
  firebase_core 3.15.2 (4.2.1 available)
  firebase_core_web 2.24.1 (3.3.0 available)
  firebase_dynamic_links 6.1.10 (discontinued)
  firebase_messaging 15.2.10 (16.0.4 available)
  firebase_messaging_platform_interface 4.6.10 (4.7.4 available)
  firebase_messaging_web 3.10.10 (4.1.0 available)
  firebase_remote_config 5.5.0 (6.1.2 available)
  firebase_remote_config_platform_interface 2.0.0 (2.0.5 available)
  firebase_remote_config_web 1.8.9 (1.10.1 available)
  flutter_lints 3.0.2 (6.0.0 available)
  flutter_local_notifications 17.2.4 (19.5.0 available)
  flutter_local_notifications_linux 4.0.1 (6.0.0 available)
  flutter_local_notifications_platform_interface 7.2.0 (9.1.0 available)
  flutter_plugin_android_lifecycle 2.0.32 (2.0.33 available)
  flutter_riverpod 2.6.1 (3.0.3 available)
  geolocator 10.1.1 (14.0.2 available)
  geolocator_android 4.6.2 (5.0.2 available)
  geolocator_web 2.2.1 (4.1.3 available)
  go_router 12.1.3 (17.0.0 available)
  google_maps_flutter 2.13.1 (2.14.0 available)
  google_maps_flutter_android 2.18.4 (2.18.6 available)
  google_maps_flutter_ios 2.15.5 (2.15.7 available)
  google_maps_flutter_platform_interface 2.14.0 (2.14.1 available)
  google_maps_flutter_web 0.5.14+2 (0.5.14+3 available)
  lints 3.0.0 (6.0.0 available)
  matcher 0.12.17 (0.12.18 available)
  material_color_utilities 0.11.1 (0.13.0 available)
  meta 1.16.0 (1.17.0 available)
  mockito 5.5.1 (5.6.1 available)
  riverpod 2.6.1 (3.0.3 available)
  source_gen 4.0.2 (4.1.1 available)
  test_api 0.7.6 (0.7.8 available)
  timezone 0.9.4 (0.10.1 available)
  uuid 4.5.1 (4.5.2 available)
Got dependencies!
1 package is discontinued.
52 packages have newer versions incompatible with dependency constraints.
Try `flutter pub outdated` for more information.
[+1333 ms] Found plugin google_maps_flutter at C:\Users\user\AppData\Local\Pub\Cache\hosted\pub.dev\google_maps_flutter-2.13.1\
[   +6 ms] Found plugin google_maps_flutter_web at C:\Users\user\AppData\Local\Pub\Cache\hosted\pub.dev\google_maps_flutter_web-0.5.14+2\
[  +12 ms] Found plugin google_maps_flutter_ios at C:\Users\user\AppData\Local\Pub\Cache\hosted\pub.dev\google_maps_flutter_ios-2.15.5\
[   +2 ms] Found plugin google_maps_flutter_android at C:\Users\user\AppData\Local\Pub\Cache\hosted\pub.dev\google_maps_flutter_android-2.18.4\
[   +2 ms] Found plugin flutter_plugin_android_lifecycle at C:\Users\user\AppData\Local\Pub\Cache\hosted\pub.dev\flutter_plugin_android_lifecycle-2.0.32\
[   +9 ms] Found plugin geolocator at C:\Users\user\AppData\Local\Pub\Cache\hosted\pub.dev\geolocator-10.1.1\
[   +1 ms] Found plugin geolocator_windows at C:\Users\user\AppData\Local\Pub\Cache\hosted\pub.dev\geolocator_windows-0.2.5\
[   +5 ms] Found plugin geolocator_web at C:\Users\user\AppData\Local\Pub\Cache\hosted\pub.dev\geolocator_web-2.2.1\
[   +3 ms] Found plugin geolocator_apple at C:\Users\user\AppData\Local\Pub\Cache\hosted\pub.dev\geolocator_apple-2.3.13\
[   +2 ms] Found plugin geolocator_android at C:\Users\user\AppData\Local\Pub\Cache\hosted\pub.dev\geolocator_android-4.6.2\
[   +8 ms] Found plugin flutter_local_notifications at C:\Users\user\AppData\Local\Pub\Cache\hosted\pub.dev\flutter_local_notifications-17.2.4\
[   +5 ms] Found plugin flutter_local_notifications_linux at C:\Users\user\AppData\Local\Pub\Cache\hosted\pub.dev\flutter_local_notifications_linux-4.0.1\
[  +11 ms] Found plugin firebase_remote_config at C:\Users\user\AppData\Local\Pub\Cache\hosted\pub.dev\firebase_remote_config-5.5.0\
[   +1 ms] Found plugin firebase_remote_config_web at C:\Users\user\AppData\Local\Pub\Cache\hosted\pub.dev\firebase_remote_config_web-1.8.9\
[   +4 ms] Found plugin firebase_core at C:\Users\user\AppData\Local\Pub\Cache\hosted\pub.dev\firebase_core-3.15.2\
[   +2 ms] Found plugin firebase_core_web at C:\Users\user\AppData\Local\Pub\Cache\hosted\pub.dev\firebase_core_web-2.24.1\
[   +4 ms] Found plugin firebase_messaging at C:\Users\user\AppData\Local\Pub\Cache\hosted\pub.dev\firebase_messaging-15.2.10\
[   +1 ms] Found plugin firebase_messaging_web at C:\Users\user\AppData\Local\Pub\Cache\hosted\pub.dev\firebase_messaging_web-3.10.10\
[   +4 ms] Found plugin firebase_dynamic_links at C:\Users\user\AppData\Local\Pub\Cache\hosted\pub.dev\firebase_dynamic_links-6.1.10\
[   +4 ms] Found plugin firebase_auth at C:\Users\user\AppData\Local\Pub\Cache\hosted\pub.dev\firebase_auth-5.7.0\
[   +1 ms] Found plugin firebase_auth_web at C:\Users\user\AppData\Local\Pub\Cache\hosted\pub.dev\firebase_auth_web-5.15.3\
[   +3 ms] Found plugin firebase_analytics at C:\Users\user\AppData\Local\Pub\Cache\hosted\pub.dev\firebase_analytics-11.6.0\
[   +1 ms] Found plugin firebase_analytics_web at C:\Users\user\AppData\Local\Pub\Cache\hosted\pub.dev\firebase_analytics_web-0.5.10+16\
[   +4 ms] Found plugin cloud_firestore at C:\Users\user\AppData\Local\Pub\Cache\hosted\pub.dev\cloud_firestore-5.6.12\
[   +1 ms] Found plugin cloud_firestore_web at C:\Users\user\AppData\Local\Pub\Cache\hosted\pub.dev\cloud_firestore_web-4.4.12\
[  +97 ms] Found plugin google_maps_flutter at C:\Users\user\AppData\Local\Pub\Cache\hosted\pub.dev\google_maps_flutter-2.13.1\
[   +1 ms] Found plugin google_maps_flutter_web at C:\Users\user\AppData\Local\Pub\Cache\hosted\pub.dev\google_maps_flutter_web-0.5.14+2\
[   +9 ms] Found plugin google_maps_flutter_ios at C:\Users\user\AppData\Local\Pub\Cache\hosted\pub.dev\google_maps_flutter_ios-2.15.5\
[   +1 ms] Found plugin google_maps_flutter_android at C:\Users\user\AppData\Local\Pub\Cache\hosted\pub.dev\google_maps_flutter_android-2.18.4\
[        ] Found plugin flutter_plugin_android_lifecycle at C:\Users\user\AppData\Local\Pub\Cache\hosted\pub.dev\flutter_plugin_android_lifecycle-2.0.32\
[   +1 ms] Found plugin geolocator at C:\Users\user\AppData\Local\Pub\Cache\hosted\pub.dev\geolocator-10.1.1\
[        ] Found plugin geolocator_windows at C:\Users\user\AppData\Local\Pub\Cache\hosted\pub.dev\geolocator_windows-0.2.5\
[   +1 ms] Found plugin geolocator_web at C:\Users\user\AppData\Local\Pub\Cache\hosted\pub.dev\geolocator_web-2.2.1\
[        ] Found plugin geolocator_apple at C:\Users\user\AppData\Local\Pub\Cache\hosted\pub.dev\geolocator_apple-2.3.13\
[   +1 ms] Found plugin geolocator_android at C:\Users\user\AppData\Local\Pub\Cache\hosted\pub.dev\geolocator_android-4.6.2\
[   +7 ms] Found plugin flutter_local_notifications at C:\Users\user\AppData\Local\Pub\Cache\hosted\pub.dev\flutter_local_notifications-17.2.4\
[   +2 ms] Found plugin flutter_local_notifications_linux at C:\Users\user\AppData\Local\Pub\Cache\hosted\pub.dev\flutter_local_notifications_linux-4.0.1\
[   +5 ms] Found plugin firebase_remote_config at C:\Users\user\AppData\Local\Pub\Cache\hosted\pub.dev\firebase_remote_config-5.5.0\
[   +1 ms] Found plugin firebase_remote_config_web at C:\Users\user\AppData\Local\Pub\Cache\hosted\pub.dev\firebase_remote_config_web-1.8.9\
[   +3 ms] Found plugin firebase_core at C:\Users\user\AppData\Local\Pub\Cache\hosted\pub.dev\firebase_core-3.15.2\
[   +1 ms] Found plugin firebase_core_web at C:\Users\user\AppData\Local\Pub\Cache\hosted\pub.dev\firebase_core_web-2.24.1\
[   +3 ms] Found plugin firebase_messaging at C:\Users\user\AppData\Local\Pub\Cache\hosted\pub.dev\firebase_messaging-15.2.10\
[   +1 ms] Found plugin firebase_messaging_web at C:\Users\user\AppData\Local\Pub\Cache\hosted\pub.dev\firebase_messaging_web-3.10.10\
[   +2 ms] Found plugin firebase_dynamic_links at C:\Users\user\AppData\Local\Pub\Cache\hosted\pub.dev\firebase_dynamic_links-6.1.10\
[   +2 ms] Found plugin firebase_auth at C:\Users\user\AppData\Local\Pub\Cache\hosted\pub.dev\firebase_auth-5.7.0\
[   +1 ms] Found plugin firebase_auth_web at C:\Users\user\AppData\Local\Pub\Cache\hosted\pub.dev\firebase_auth_web-5.15.3\
[   +3 ms] Found plugin firebase_analytics at C:\Users\user\AppData\Local\Pub\Cache\hosted\pub.dev\firebase_analytics-11.6.0\
[   +2 ms] Found plugin firebase_analytics_web at C:\Users\user\AppData\Local\Pub\Cache\hosted\pub.dev\firebase_analytics_web-0.5.10+16\
[   +3 ms] Found plugin cloud_firestore at C:\Users\user\AppData\Local\Pub\Cache\hosted\pub.dev\cloud_firestore-5.6.12\
[   +1 ms] Found plugin cloud_firestore_web at C:\Users\user\AppData\Local\Pub\Cache\hosted\pub.dev\cloud_firestore_web-4.4.12\
[  +16 ms] Skipping generating web_plugin_registrant.dart because it is up-to-date.
[  +59 ms] Found plugin google_maps_flutter at C:\Users\user\AppData\Local\Pub\Cache\hosted\pub.dev\google_maps_flutter-2.13.1\
[   +1 ms] Found plugin google_maps_flutter_web at C:\Users\user\AppData\Local\Pub\Cache\hosted\pub.dev\google_maps_flutter_web-0.5.14+2\
[   +6 ms] Found plugin google_maps_flutter_ios at C:\Users\user\AppData\Local\Pub\Cache\hosted\pub.dev\google_maps_flutter_ios-2.15.5\
[   +1 ms] Found plugin google_maps_flutter_android at C:\Users\user\AppData\Local\Pub\Cache\hosted\pub.dev\google_maps_flutter_android-2.18.4\
[        ] Found plugin flutter_plugin_android_lifecycle at C:\Users\user\AppData\Local\Pub\Cache\hosted\pub.dev\flutter_plugin_android_lifecycle-2.0.32\
[   +1 ms] Found plugin geolocator at C:\Users\user\AppData\Local\Pub\Cache\hosted\pub.dev\geolocator-10.1.1\
[   +1 ms] Found plugin geolocator_windows at C:\Users\user\AppData\Local\Pub\Cache\hosted\pub.dev\geolocator_windows-0.2.5\
[   +3 ms] Found plugin geolocator_web at C:\Users\user\AppData\Local\Pub\Cache\hosted\pub.dev\geolocator_web-2.2.1\
[   +1 ms] Found plugin geolocator_apple at C:\Users\user\AppData\Local\Pub\Cache\hosted\pub.dev\geolocator_apple-2.3.13\
[   +1 ms] Found plugin geolocator_android at C:\Users\user\AppData\Local\Pub\Cache\hosted\pub.dev\geolocator_android-4.6.2\
[   +5 ms] Found plugin flutter_local_notifications at C:\Users\user\AppData\Local\Pub\Cache\hosted\pub.dev\flutter_local_notifications-17.2.4\
[   +2 ms] Found plugin flutter_local_notifications_linux at C:\Users\user\AppData\Local\Pub\Cache\hosted\pub.dev\flutter_local_notifications_linux-4.0.1\
[   +4 ms] Found plugin firebase_remote_config at C:\Users\user\AppData\Local\Pub\Cache\hosted\pub.dev\firebase_remote_config-5.5.0\
[   +2 ms] Found plugin firebase_remote_config_web at C:\Users\user\AppData\Local\Pub\Cache\hosted\pub.dev\firebase_remote_config_web-1.8.9\
[   +2 ms] Found plugin firebase_core at C:\Users\user\AppData\Local\Pub\Cache\hosted\pub.dev\firebase_core-3.15.2\
[   +1 ms] Found plugin firebase_core_web at C:\Users\user\AppData\Local\Pub\Cache\hosted\pub.dev\firebase_core_web-2.24.1\
[   +2 ms] Found plugin firebase_messaging at C:\Users\user\AppData\Local\Pub\Cache\hosted\pub.dev\firebase_messaging-15.2.10\
[   +1 ms] Found plugin firebase_messaging_web at C:\Users\user\AppData\Local\Pub\Cache\hosted\pub.dev\firebase_messaging_web-3.10.10\
[   +1 ms] Found plugin firebase_dynamic_links at C:\Users\user\AppData\Local\Pub\Cache\hosted\pub.dev\firebase_dynamic_links-6.1.10\
[   +1 ms] Found plugin firebase_auth at C:\Users\user\AppData\Local\Pub\Cache\hosted\pub.dev\firebase_auth-5.7.0\
[   +1 ms] Found plugin firebase_auth_web at C:\Users\user\AppData\Local\Pub\Cache\hosted\pub.dev\firebase_auth_web-5.15.3\
[   +2 ms] Found plugin firebase_analytics at C:\Users\user\AppData\Local\Pub\Cache\hosted\pub.dev\firebase_analytics-11.6.0\
[   +1 ms] Found plugin firebase_analytics_web at C:\Users\user\AppData\Local\Pub\Cache\hosted\pub.dev\firebase_analytics_web-0.5.10+16\
[   +3 ms] Found plugin cloud_firestore at C:\Users\user\AppData\Local\Pub\Cache\hosted\pub.dev\cloud_firestore-5.6.12\
[   +1 ms] Found plugin cloud_firestore_web at C:\Users\user\AppData\Local\Pub\Cache\hosted\pub.dev\cloud_firestore_web-4.4.12\
[   +9 ms] Generating C:\Users\user\Music\wawapp-ai\apps\wawapp_driver\android\app\src\main\java\io\flutter\plugins\GeneratedPluginRegistrant.java
[   +4 ms] Skipping generating GeneratedPluginRegistrant.java because it is up-to-date.
[   +3 ms] Skipping generating generated_plugin_registrant.h because it is up-to-date.
[   +1 ms] Skipping generating generated_plugin_registrant.cc because it is up-to-date.
[   +1 ms] Skipping generating generated_plugins.cmake because it is up-to-date.
[   +2 ms] Skipping generating GeneratedPluginRegistrant.h because it is up-to-date.
[   +1 ms] Skipping generating GeneratedPluginRegistrant.m because it is up-to-date.
[   +2 ms] Skipping generating GeneratedPluginRegistrant.swift because it is up-to-date.
[  +78 ms] ro.hardware = mt6768
[        ] ro.build.characteristics = phone
[  +90 ms] Initializing file store
[  +13 ms] gen_localizations: Starting due to {}
[ +107 ms] gen_dart_plugin_registrant: Starting due to {InvalidatedReasonKind.outputSetAddition: The following outputs were added to the output set: C:\Users\user\Music\wawapp-ai\apps\wawapp_driver\.dart_tool\flutter_build\dart_plugin_registrant.dart, InvalidatedReasonKind.inputChanged: The following inputs have updated contents: C:\Users\user\Music\wawapp-ai\apps\wawapp_driver\.dart_tool\package_config.json}
[ +128 ms] Found plugin google_maps_flutter at C:\Users\user\AppData\Local\Pub\Cache\hosted\pub.dev\google_maps_flutter-2.13.1\
[   +2 ms] Found plugin google_maps_flutter_web at C:\Users\user\AppData\Local\Pub\Cache\hosted\pub.dev\google_maps_flutter_web-0.5.14+2\
[   +9 ms] Found plugin google_maps_flutter_ios at C:\Users\user\AppData\Local\Pub\Cache\hosted\pub.dev\google_maps_flutter_ios-2.15.5\
[   +1 ms] Found plugin google_maps_flutter_android at C:\Users\user\AppData\Local\Pub\Cache\hosted\pub.dev\google_maps_flutter_android-2.18.4\
[   +1 ms] Found plugin flutter_plugin_android_lifecycle at C:\Users\user\AppData\Local\Pub\Cache\hosted\pub.dev\flutter_plugin_android_lifecycle-2.0.32\
[   +5 ms] Found plugin geolocator at C:\Users\user\AppData\Local\Pub\Cache\hosted\pub.dev\geolocator-10.1.1\
[   +1 ms] Found plugin geolocator_windows at C:\Users\user\AppData\Local\Pub\Cache\hosted\pub.dev\geolocator_windows-0.2.5\
[   +2 ms] Found plugin geolocator_web at C:\Users\user\AppData\Local\Pub\Cache\hosted\pub.dev\geolocator_web-2.2.1\
[   +1 ms] Found plugin geolocator_apple at C:\Users\user\AppData\Local\Pub\Cache\hosted\pub.dev\geolocator_apple-2.3.13\
[   +1 ms] Found plugin geolocator_android at C:\Users\user\AppData\Local\Pub\Cache\hosted\pub.dev\geolocator_android-4.6.2\
[   +6 ms] Found plugin flutter_local_notifications at C:\Users\user\AppData\Local\Pub\Cache\hosted\pub.dev\flutter_local_notifications-17.2.4\
[   +2 ms] Found plugin flutter_local_notifications_linux at C:\Users\user\AppData\Local\Pub\Cache\hosted\pub.dev\flutter_local_notifications_linux-4.0.1\
[   +4 ms] Found plugin firebase_remote_config at C:\Users\user\AppData\Local\Pub\Cache\hosted\pub.dev\firebase_remote_config-5.5.0\
[   +1 ms] Found plugin firebase_remote_config_web at C:\Users\user\AppData\Local\Pub\Cache\hosted\pub.dev\firebase_remote_config_web-1.8.9\
[   +1 ms] Found plugin firebase_core at C:\Users\user\AppData\Local\Pub\Cache\hosted\pub.dev\firebase_core-3.15.2\
[   +1 ms] Found plugin firebase_core_web at C:\Users\user\AppData\Local\Pub\Cache\hosted\pub.dev\firebase_core_web-2.24.1\
[   +3 ms] Found plugin firebase_messaging at C:\Users\user\AppData\Local\Pub\Cache\hosted\pub.dev\firebase_messaging-15.2.10\
[   +1 ms] Found plugin firebase_messaging_web at C:\Users\user\AppData\Local\Pub\Cache\hosted\pub.dev\firebase_messaging_web-3.10.10\
[   +2 ms] Found plugin firebase_dynamic_links at C:\Users\user\AppData\Local\Pub\Cache\hosted\pub.dev\firebase_dynamic_links-6.1.10\
[   +1 ms] Found plugin firebase_auth at C:\Users\user\AppData\Local\Pub\Cache\hosted\pub.dev\firebase_auth-5.7.0\
[   +1 ms] Found plugin firebase_auth_web at C:\Users\user\AppData\Local\Pub\Cache\hosted\pub.dev\firebase_auth_web-5.15.3\
[   +1 ms] Found plugin firebase_analytics at C:\Users\user\AppData\Local\Pub\Cache\hosted\pub.dev\firebase_analytics-11.6.0\
[   +1 ms] Found plugin firebase_analytics_web at C:\Users\user\AppData\Local\Pub\Cache\hosted\pub.dev\firebase_analytics_web-0.5.10+16\
[   +2 ms] Found plugin cloud_firestore at C:\Users\user\AppData\Local\Pub\Cache\hosted\pub.dev\cloud_firestore-5.6.12\
[   +1 ms] Found plugin cloud_firestore_web at C:\Users\user\AppData\Local\Pub\Cache\hosted\pub.dev\cloud_firestore_web-4.4.12\
[  +10 ms] Skipping generating dart_plugin_registrant.dart because it is up-to-date.
[        ] gen_dart_plugin_registrant: Complete
[ +829 ms] gen_localizations: Complete
[   +5 ms] _composite: Starting due to {}
[        ] _composite: Complete
[   +5 ms] complete
[   +6 ms] Launching lib\main.dart on SM A145P in debug mode...
[   +3 ms] C:\flutter\bin\cache\dart-sdk\bin\dartaotruntime.exe C:\flutter\bin\cache\dart-sdk\bin\snapshots\frontend_server_aot.dart.snapshot --sdk-root C:\flutter\bin\cache\artifacts\engine\common\flutter_patched_sdk/ --incremental --target=flutter --experimental-emit-debug-metadata -DFLUTTER_VERSION=3.35.5 -DFLUTTER_CHANNEL=stable -DFLUTTER_GIT_URL=https://github.com/flutter/flutter.git -DFLUTTER_FRAMEWORK_REVISION=ac4e799d23 -DFLUTTER_ENGINE_REVISION=d3d45dcf25 -DFLUTTER_DART_VERSION=3.9.2 --output-dill C:\Users\user\AppData\Local\Temp\flutter_tools.47484a71\flutter_tool.1505ae10\app.dill --packages C:\Users\user\Music\wawapp-ai\apps\wawapp_driver\.dart_tool\package_config.json -Ddart.vm.profile=false -Ddart.vm.product=false --enable-asserts --track-widget-creation --filesystem-scheme org-dartlang-root --initialize-from-dill build\210bad4901163cba762d02a4a1c86c00.cache.dill.track.dill --source file:///C:/Users/user/Music/wawapp-ai/apps/wawapp_driver/.dart_tool/flutter_build/dart_plugin_registrant.dart --source package:flutter/src/dart_plugin_registrant.dart -Dflutter.dart_plugin_registrant=file:///C:/Users/user/Music/wawapp-ai/apps/wawapp_driver/.dart_tool/flutter_build/dart_plugin_registrant.dart --verbosity=error --enable-experiment=alternative-invalidation-strategy
[  +15 ms] executing: C:\Users\user\AppData\Local\Android\sdk\platform-tools\adb.exe -s R8YW40AW58L shell -x logcat -v time -t 1
[  +13 ms] <- compile package:wawapp_driver/main.dart
[ +543 ms] --------- beginning of main
           12-09 09:25:07.931 I/Finsky  (15566): [881] Stats for Executor: GrpcBackgroundExecutor ula@927bf3d[Running, pool size = 1, active threads = 0, queued tasks = 0, completed tasks = 1]
[  +16 ms] executing: C:\Users\user\AppData\Local\Android\sdk\platform-tools\adb.exe version
[  +72 ms] Android Debug Bridge version 1.0.41
           Version 34.0.3-10161052
           Installed as C:\Users\user\AppData\Local\Android\sdk\platform-tools\adb.exe
           Running on Windows 10.0.19045
[   +1 ms] executing: C:\Users\user\AppData\Local\Android\sdk\platform-tools\adb.exe start-server
[  +53 ms] Building APK
[   +9 ms] executing: C:\Program Files\Android\Android Studio\jbr\bin\java -version
[ +183 ms] Exit code 0 from: C:\Program Files\Android\Android Studio\jbr\bin\java -version
[        ] openjdk version "17.0.6" 2023-01-17
           OpenJDK Runtime Environment (build 17.0.6+0-b2043.56-10027231)
           OpenJDK 64-Bit Server VM (build 17.0.6+0-b2043.56-10027231, mixed mode)
[   +1 ms] executing: C:\Program Files\Android\Android Studio\jbr\bin\java -version
[ +161 ms] Exit code 0 from: C:\Program Files\Android\Android Studio\jbr\bin\java -version
[        ] openjdk version "17.0.6" 2023-01-17
           OpenJDK Runtime Environment (build 17.0.6+0-b2043.56-10027231)
           OpenJDK 64-Bit Server VM (build 17.0.6+0-b2043.56-10027231, mixed mode)
[  +10 ms] Top-level Gradle build file not found, skipping migration of task "clean".
[   +2 ms] executing: C:\Program Files\Android\Android Studio\jbr\bin\java --version
[ +185 ms] Exit code 0 from: C:\Program Files\Android\Android Studio\jbr\bin\java --version
[        ] openjdk 17.0.6 2023-01-17
           OpenJDK Runtime Environment (build 17.0.6+0-b2043.56-10027231)
           OpenJDK 64-Bit Server VM (build 17.0.6+0-b2043.56-10027231, mixed mode)
[  +22 ms] CMake project not found, skipping support Android 15 16k page size migration.
[   +6 ms] Using gradle from C:\Users\user\Music\wawapp-ai\apps\wawapp_driver\android\gradlew.bat.
[  +75 ms] LocalFile: 'C:\Users\user\Music\wawapp-ai\apps\wawapp_driver\android\build.gradle.kts' doesn't provide an AGP version. Checking settings.
[  +15 ms] LocalFile: 'C:\Users\user\Music\wawapp-ai\apps\wawapp_driver\android\settings.gradle.kts' provides AGP version: 8.9.1
[  +36 ms] Running Gradle task 'assembleDebug'...
[   +1 ms] executing: [C:\Users\user\Music\wawapp-ai\apps\wawapp_driver\android/] C:\Users\user\Music\wawapp-ai\apps\wawapp_driver\android\gradlew.bat --full-stacktrace --info -Pverbose=true -Ptarget-platform=android-arm64 -Ptarget=C:\Users\user\Music\wawapp-ai\apps\wawapp_driver\lib\main.dart -Pbase-application-name=android.app.Application -Pdart-defines=RkxVVFRFUl9WRVJTSU9OPTMuMzUuNQ==,RkxVVFRFUl9DSEFOTkVMPXN0YWJsZQ==,RkxVVFRFUl9HSVRfVVJMPWh0dHBzOi8vZ2l0aHViLmNvbS9mbHV0dGVyL2ZsdXR0ZXIuZ2l0,RkxVVFRFUl9GUkFNRVdPUktfUkVWSVNJT049YWM0ZTc5OWQyMw==,RkxVVFRFUl9FTkdJTkVfUkVWSVNJT049ZDNkNDVkY2YyNQ==,RkxVVFRFUl9EQVJUX1ZFUlNJT049My45LjI= -Pdart-obfuscation=false -Ptrack-widget-creation=true -Ptree-shake-icons=false -Pfilesystem-scheme=org-dartlang-root assembleDebug
[+1188 ms] Initialized native services in: C:\Users\user\.gradle\native
[        ] Initialized jansi services in: C:\Users\user\.gradle\native
[ +526 ms] Found daemon DaemonInfo{pid=16284, address=[cfe32ac4-e8ac-4616-8028-773b40160647 port:58241, addresses:[/127.0.0.1]], state=Idle, lastBusy=1762362420251, context=DefaultDaemonContext[uid=786e60cb-5e9a-4767-b392-07859d482eda,javaHome=C:\Program Files\Eclipse Adoptium\jdk-17.0.16.8-hotspot,javaVersion=17,javaVendor=Eclipse Adoptium,daemonRegistryDir=C:\Users\user\.gradle\daemon,pid=16284,idleTimeout=10800000,priority=NORMAL,applyInstrumentationAgent=true,nativeServicesMode=ENABLED,daemonOpts=-XX:MaxMetaspaceSize=4G,-XX:ReservedCodeCacheSize=512m,-XX:+HeapDumpOnOutOfMemoryError,-Xmx8G,-Dfile.encoding=windows-1252,-Duser.country=US,-Duser.language=en,-Duser.variant]} however its context does not match the desired criteria.
[        ] JVM is incompatible.
[        ] Wanted: DaemonRequestContext{jvmCriteria=C:\Program Files\Android\Android Studio\jbr (no JDK specified, using current Java home), daemonOpts=[-XX:MaxMetaspaceSize=4G, -XX:ReservedCodeCacheSize=512m, -XX:+HeapDumpOnOutOfMemoryError, -Xmx8G, -Dfile.encoding=windows-1252, -Duser.country=US, -Duser.language=en, -Duser.variant], applyInstrumentationAgent=true, nativeServicesMode=ENABLED, priority=NORMAL}
[        ] Actual: DefaultDaemonContext[uid=786e60cb-5e9a-4767-b392-07859d482eda,javaHome=C:\Program Files\Eclipse Adoptium\jdk-17.0.16.8-hotspot,javaVersion=17,javaVendor=Eclipse Adoptium,daemonRegistryDir=C:\Users\user\.gradle\daemon,pid=16284,idleTimeout=10800000,priority=NORMAL,applyInstrumentationAgent=true,nativeServicesMode=ENABLED,daemonOpts=-XX:MaxMetaspaceSize=4G,-XX:ReservedCodeCacheSize=512m,-XX:+HeapDumpOnOutOfMemoryError,-Xmx8G,-Dfile.encoding=windows-1252,-Duser.country=US,-Duser.language=en,-Duser.variant]
[        ]   Looking for a different daemon...
[        ] Found daemon DaemonInfo{pid=13780, address=[ebb898d8-2e76-465d-a896-bdf1b1ffd91e port:56412, addresses:[/127.0.0.1]], state=Idle, lastBusy=1764952731382, context=DefaultDaemonContext[uid=453206cd-a736-4309-ba5b-bbb5e19e6e65,javaHome=C:\Program Files\Eclipse Adoptium\jdk-17.0.16.8-hotspot,javaVersion=17,javaVendor=Eclipse Adoptium,daemonRegistryDir=C:\Users\user\.gradle\daemon,pid=13780,idleTimeout=10800000,priority=NORMAL,applyInstrumentationAgent=true,nativeServicesMode=ENABLED,daemonOpts=-XX:MaxMetaspaceSize=4G,-XX:ReservedCodeCacheSize=512m,-XX:+HeapDumpOnOutOfMemoryError,-Xmx8G,-Dfile.encoding=UTF-8,-Duser.country=US,-Duser.language=en,-Duser.variant]} however its context does not match the desired criteria.
[        ] JVM is incompatible.
[        ] Wanted: DaemonRequestContext{jvmCriteria=C:\Program Files\Android\Android Studio\jbr (no JDK specified, using current Java home), daemonOpts=[-XX:MaxMetaspaceSize=4G, -XX:ReservedCodeCacheSize=512m, -XX:+HeapDumpOnOutOfMemoryError, -Xmx8G, -Dfile.encoding=windows-1252, -Duser.country=US, -Duser.language=en, -Duser.variant], applyInstrumentationAgent=true, nativeServicesMode=ENABLED, priority=NORMAL}
[        ] Actual: DefaultDaemonContext[uid=453206cd-a736-4309-ba5b-bbb5e19e6e65,javaHome=C:\Program Files\Eclipse Adoptium\jdk-17.0.16.8-hotspot,javaVersion=17,javaVendor=Eclipse Adoptium,daemonRegistryDir=C:\Users\user\.gradle\daemon,pid=13780,idleTimeout=10800000,priority=NORMAL,applyInstrumentationAgent=true,nativeServicesMode=ENABLED,daemonOpts=-XX:MaxMetaspaceSize=4G,-XX:ReservedCodeCacheSize=512m,-XX:+HeapDumpOnOutOfMemoryError,-Xmx8G,-Dfile.encoding=UTF-8,-Duser.country=US,-Duser.language=en,-Duser.variant]
[        ]   Looking for a different daemon...
[  +86 ms] The client will now receive all logging from the daemon (pid: 27628). The daemon log file: C:\Users\user\.gradle\daemon\8.12\daemon-27628.out.log
[        ] Starting 3rd build in daemon [uptime: 6 mins 57.353 secs, performance: 100%, GC rate: 0.00/s, heap usage: 0% of 8 GiB, non-heap usage: 3% of 4 GiB]
[        ] Using 4 worker leases.
[        ] Now considering [C:\Users\user\Music\wawapp-ai\apps\wawapp_driver\android, C:\flutter\packages\flutter_tools\gradle] as hierarchies to watch
[        ] Watching the file system is configured to be enabled if available
[        ] File system watching is active
[ +129 ms] Starting Build
[        ] Now considering [C:\flutter\packages\flutter_tools\gradle, C:\Users\user\Music\wawapp-ai\apps\wawapp_driver\android] as hierarchies to watch
[ +317 ms] > Configure project :gradle
[   +1 ms] Evaluating project ':gradle' using build file 'C:\flutter\packages\flutter_tools\gradle\build.gradle.kts'.
[   +2 ms] Resolved plugin [id: 'org.gradle.java-gradle-plugin']
[        ] Resolved plugin [id: 'org.gradle.groovy']
[        ] Resolved plugin [id: 'org.gradle.kotlin.kotlin-dsl', version: '5.1.2']
[        ] Resolved plugin [id: 'org.jetbrains.kotlin.jvm', version: '1.9.20']
[        ] Using Kotlin Gradle Plugin gradle85 variant
[        ] kotlin scripting plugin: created the scripting discovery configuration: kotlinScriptDef
[   +1 ms] kotlin scripting plugin: created the scripting discovery configuration: testKotlinScriptDef
[        ] file or directory 'C:\flutter\packages\flutter_tools\gradle\src\main\java', not found
[        ] Resolved plugin [id: 'dev.flutter.flutter-plugin-loader', version: '1.0.0']
[        ] Resolved plugin [id: 'com.android.application', version: '8.9.1', apply: false]
[        ] Resolved plugin [id: 'com.google.gms.google-services', version: '4.3.15', apply: false]
[        ] Resolved plugin [id: 'org.jetbrains.kotlin.android', version: '2.1.0', apply: false]
[        ] Resolve mutations for :gradle:checkKotlinGradlePluginConfigurationErrors (Thread[included builds,5,main]) started.
[        ] :gradle:checkKotlinGradlePluginConfigurationErrors (Thread[included builds,5,main]) started.
[   +3 ms] > Task :gradle:checkKotlinGradlePluginConfigurationErrors SKIPPED
[        ] Skipping task ':gradle:checkKotlinGradlePluginConfigurationErrors' as task onlyIf 'errorDiagnostics are present' is false.
[        ] Resolve mutations for :gradle:compileKotlin (Thread[Execution worker,5,main]) started.
[        ] :gradle:compileKotlin (Thread[included builds,5,main]) started.
[  +74 ms] > Task :gradle:compileKotlin UP-TO-DATE
[        ] Caching disabled for task ':gradle:compileKotlin' because:
[        ]   Build cache is disabled
[        ] Skipping task ':gradle:compileKotlin' as it is up-to-date.
[        ] Resolve mutations for :gradle:compileJava (Thread[included builds,5,main]) started.
[        ] :gradle:compileJava (Thread[included builds,5,main]) started.
[        ] > Task :gradle:compileJava NO-SOURCE
[        ] Skipping task ':gradle:compileJava' as it has no source files and no previous output files.
[        ] Resolve mutations for :gradle:compileGroovy (Thread[included builds,5,main]) started.
[        ] :gradle:compileGroovy (Thread[included builds,5,main]) started.
[        ] > Task :gradle:compileGroovy NO-SOURCE
[        ] Skipping task ':gradle:compileGroovy' as it has no source files and no previous output files.
[        ] Resolve mutations for :gradle:pluginDescriptors (Thread[included builds,5,main]) started.
[        ] :gradle:pluginDescriptors (Thread[included builds,5,main]) started.
[   +1 ms] > Task :gradle:pluginDescriptors UP-TO-DATE
[        ] Caching disabled for task ':gradle:pluginDescriptors' because:
[        ]   Build cache is disabled
[   +1 ms]   Not worth caching
[        ] Skipping task ':gradle:pluginDescriptors' as it is up-to-date.
[        ] Resolve mutations for :gradle:processResources (Thread[included builds,5,main]) started.
[        ] :gradle:processResources (Thread[included builds,5,main]) started.
[        ] > Task :gradle:processResources UP-TO-DATE
[        ] Caching disabled for task ':gradle:processResources' because:
[   +1 ms]   Build cache is disabled
[        ]   Not worth caching
[        ] Skipping task ':gradle:processResources' as it is up-to-date.
[        ] Resolve mutations for :gradle:classes (Thread[included builds,5,main]) started.
[        ] :gradle:classes (Thread[included builds,5,main]) started.
[        ] > Task :gradle:classes UP-TO-DATE
[        ] Skipping task ':gradle:classes' as it has no actions.
[        ] Resolve mutations for :gradle:jar (Thread[included builds,5,main]) started.
[        ] :gradle:jar (Thread[included builds,5,main]) started.
[        ] > Task :gradle:jar UP-TO-DATE
[        ] Caching disabled for task ':gradle:jar' because:
[        ]   Build cache is disabled
[        ]   Not worth caching
[        ] Skipping task ':gradle:jar' as it is up-to-date.
[ +271 ms] Settings evaluated using settings file 'C:\Users\user\Music\wawapp-ai\apps\wawapp_driver\android\settings.gradle.kts'.
[        ] Projects loaded. Root project using build file 'C:\Users\user\Music\wawapp-ai\apps\wawapp_driver\android\build.gradle.kts'.
[   +2 ms] Included projects: [root project 'android', project ':app', project ':cloud_firestore', project ':firebase_analytics', project ':firebase_auth', project ':firebase_core', project ':firebase_dynamic_links', project ':firebase_messaging', project ':firebase_remote_config', project ':flutter_local_notifications', project ':flutter_plugin_android_lifecycle', project ':geolocator_android', project ':google_maps_flutter_android']
[ +581 ms] > Configure project :app
[        ] Evaluating project ':app' using build file 'C:\Users\user\Music\wawapp-ai\apps\wawapp_driver\android\app\build.gradle.kts'.
[        ] Resolved plugin [id: 'com.android.application']
[        ] Resolved plugin [id: 'com.google.gms.google-services']
[        ] Resolved plugin [id: 'kotlin-android']
[        ] Resolved plugin [id: 'dev.flutter.flutter-gradle-plugin']
[        ] Using default execution profile
[        ] Using Kotlin Gradle Plugin gradle85 variant
[        ] C/C++: android.ndkVersion from module build.gradle is [27.0.12077973]
[        ] C/C++: android.ndkPath from module build.gradle is not set
[        ] C/C++: ndk.dir in local.properties is not set
[        ] C/C++: Not considering ANDROID_NDK_HOME because support was removed after deprecation period.
[        ] C/C++: sdkFolder is C:\Users\user\AppData\Local\Android\sdk
[        ] C/C++: android.ndkVersion from module build.gradle is [27.0.12077973]
[        ] C/C++: android.ndkPath from module build.gradle is not set
[        ] C/C++: ndk.dir in local.properties is not set
[        ] C/C++: Not considering ANDROID_NDK_HOME because support was removed after deprecation period.
[        ] C/C++: sdkFolder is C:\Users\user\AppData\Local\Android\sdk
[        ] C/C++: android.ndkVersion from module build.gradle is [27.0.12077973]
[        ] C/C++: android.ndkPath from module build.gradle is not set
[        ] C/C++: ndk.dir in local.properties is not set
[        ] C/C++: Not considering ANDROID_NDK_HOME because support was removed after deprecation period.
[        ] C/C++: sdkFolder is C:\Users\user\AppData\Local\Android\sdk
[        ] C/C++: android.ndkVersion from module build.gradle is [27.0.12077973]
[        ] C/C++: android.ndkPath from module build.gradle is not set
[        ] C/C++: ndk.dir in local.properties is not set
[        ] C/C++: Not considering ANDROID_NDK_HOME because support was removed after deprecation period.
[        ] C/C++: sdkFolder is C:\Users\user\AppData\Local\Android\sdk
[        ] C/C++: android.ndkVersion from module build.gradle is [27.0.12077973]
[        ] C/C++: android.ndkPath from module build.gradle is not set
[        ] C/C++: ndk.dir in local.properties is not set
[        ] C/C++: Not considering ANDROID_NDK_HOME because support was removed after deprecation period.
[        ] C/C++: sdkFolder is C:\Users\user\AppData\Local\Android\sdk
[        ] C/C++: android.ndkVersion from module build.gradle is [27.0.12077973]
[        ] C/C++: android.ndkPath from module build.gradle is not set
[        ] C/C++: ndk.dir in local.properties is not set
[        ] C/C++: Not considering ANDROID_NDK_HOME because support was removed after deprecation period.
[        ] C/C++: sdkFolder is C:\Users\user\AppData\Local\Android\sdk
[        ] C/C++: android.ndkVersion from module build.gradle is [27.0.12077973]
[   +4 ms] C/C++: android.ndkPath from module build.gradle is not set
[   +2 ms] C/C++: ndk.dir in local.properties is not set
[        ] C/C++: Not considering ANDROID_NDK_HOME because support was removed after deprecation period.
[        ] C/C++: sdkFolder is C:\Users\user\AppData\Local\Android\sdk
[        ] C/C++: android.ndkVersion from module build.gradle is [27.0.12077973]
[        ] C/C++: android.ndkPath from module build.gradle is not set
[        ] C/C++: ndk.dir in local.properties is not set
[        ] C/C++: Not considering ANDROID_NDK_HOME because support was removed after deprecation period.
[        ] C/C++: sdkFolder is C:\Users\user\AppData\Local\Android\sdk
[   +5 ms] C/C++: android.ndkVersion from module build.gradle is [27.0.12077973]
[   +9 ms] C/C++: android.ndkPath from module build.gradle is not set
[   +2 ms] C/C++: ndk.dir in local.properties is not set
[        ] C/C++: Not considering ANDROID_NDK_HOME because support was removed after deprecation period.
[        ] C/C++: sdkFolder is C:\Users\user\AppData\Local\Android\sdk
[        ] C/C++: android.ndkVersion from module build.gradle is [27.0.12077973]
[        ] C/C++: android.ndkPath from module build.gradle is not set
[        ] C/C++: ndk.dir in local.properties is not set
[        ] C/C++: Not considering ANDROID_NDK_HOME because support was removed after deprecation period.
[        ] C/C++: sdkFolder is C:\Users\user\AppData\Local\Android\sdk
[        ] C/C++: android.ndkVersion from module build.gradle is [27.0.12077973]
[        ] C/C++: android.ndkPath from module build.gradle is not set
[        ] C/C++: ndk.dir in local.properties is not set
[        ] C/C++: Not considering ANDROID_NDK_HOME because support was removed after deprecation period.
[        ] C/C++: sdkFolder is C:\Users\user\AppData\Local\Android\sdk
[        ] C/C++: android.ndkVersion from module build.gradle is [27.0.12077973]
[        ] C/C++: android.ndkPath from module build.gradle is not set
[        ] C/C++: ndk.dir in local.properties is not set
[        ] C/C++: Not considering ANDROID_NDK_HOME because support was removed after deprecation period.
[        ] C/C++: sdkFolder is C:\Users\user\AppData\Local\Android\sdk
[        ] C/C++: android.ndkVersion from module build.gradle is [27.0.12077973]
[        ] C/C++: android.ndkPath from module build.gradle is not set
[        ] C/C++: ndk.dir in local.properties is not set
[        ] C/C++: Not considering ANDROID_NDK_HOME because support was removed after deprecation period.
[        ] C/C++: sdkFolder is C:\Users\user\AppData\Local\Android\sdk
[        ] C/C++: android.ndkVersion from module build.gradle is [27.0.12077973]
[        ] C/C++: android.ndkPath from module build.gradle is not set
[        ] C/C++: ndk.dir in local.properties is not set
[        ] C/C++: Not considering ANDROID_NDK_HOME because support was removed after deprecation period.
[        ] C/C++: sdkFolder is C:\Users\user\AppData\Local\Android\sdk
[        ] C/C++: android.ndkVersion from module build.gradle is [27.0.12077973]
[        ] C/C++: android.ndkPath from module build.gradle is not set
[        ] C/C++: ndk.dir in local.properties is not set
[        ] C/C++: Not considering ANDROID_NDK_HOME because support was removed after deprecation period.
[        ] C/C++: sdkFolder is C:\Users\user\AppData\Local\Android\sdk
[        ] C/C++: android.ndkVersion from module build.gradle is [27.0.12077973]
[        ] C/C++: android.ndkPath from module build.gradle is not set
[        ] C/C++: ndk.dir in local.properties is not set
[        ] C/C++: Not considering ANDROID_NDK_HOME because support was removed after deprecation period.
[        ] C/C++: sdkFolder is C:\Users\user\AppData\Local\Android\sdk
[        ] C/C++: android.ndkVersion from module build.gradle is [27.0.12077973]
[        ] C/C++: android.ndkPath from module build.gradle is not set
[        ] C/C++: ndk.dir in local.properties is not set
[        ] C/C++: Not considering ANDROID_NDK_HOME because support was removed after deprecation period.
[        ] C/C++: sdkFolder is C:\Users\user\AppData\Local\Android\sdk
[        ] C/C++: android.ndkVersion from module build.gradle is [27.0.12077973]
[        ] C/C++: android.ndkPath from module build.gradle is not set
[        ] C/C++: ndk.dir in local.properties is not set
[        ] C/C++: Not considering ANDROID_NDK_HOME because support was removed after deprecation period.
[        ] C/C++: sdkFolder is C:\Users\user\AppData\Local\Android\sdk
[        ] C/C++: android.ndkVersion from module build.gradle is [27.0.12077973]
[   +1 ms] C/C++: android.ndkPath from module build.gradle is not set
[        ] C/C++: ndk.dir in local.properties is not set
[        ] C/C++: Not considering ANDROID_NDK_HOME because support was removed after deprecation period.
[        ] C/C++: sdkFolder is C:\Users\user\AppData\Local\Android\sdk
[        ] > Configure project :
[        ] Evaluating root project 'android' using build file 'C:\Users\user\Music\wawapp-ai\apps\wawapp_driver\android\build.gradle.kts'.
[ +152 ms] > Configure project :cloud_firestore
[        ] Evaluating project ':cloud_firestore' using build file 'C:\Users\user\AppData\Local\Pub\Cache\hosted\pub.dev\cloud_firestore-5.6.12\android\build.gradle'.
[        ] Using default execution profile
[ +302 ms] > Configure project :firebase_analytics
[        ] Evaluating project ':firebase_analytics' using build file 'C:\Users\user\AppData\Local\Pub\Cache\hosted\pub.dev\firebase_analytics-11.6.0\android\build.gradle'.
[        ] Using default execution profile
[        ] Using Kotlin Gradle Plugin gradle85 variant
[  +88 ms] > Configure project :firebase_auth
[        ] Evaluating project ':firebase_auth' using build file 'C:\Users\user\AppData\Local\Pub\Cache\hosted\pub.dev\firebase_auth-5.7.0\android\build.gradle'.
[        ] Using default execution profile
[ +124 ms] > Configure project :firebase_core
[        ] Evaluating project ':firebase_core' using build file 'C:\Users\user\AppData\Local\Pub\Cache\hosted\pub.dev\firebase_core-3.15.2\android\build.gradle'.
[        ] Using default execution profile
[  +74 ms] > Configure project :firebase_dynamic_links
[        ] Evaluating project ':firebase_dynamic_links' using build file 'C:\Users\user\AppData\Local\Pub\Cache\hosted\pub.dev\firebase_dynamic_links-6.1.10\android\build.gradle'.
[        ] Using default execution profile
[ +142 ms] > Configure project :firebase_messaging
[        ] Evaluating project ':firebase_messaging' using build file 'C:\Users\user\AppData\Local\Pub\Cache\hosted\pub.dev\firebase_messaging-15.2.10\android\build.gradle'.
[        ] Using default execution profile
[ +166 ms] > Configure project :firebase_remote_config
[        ] Evaluating project ':firebase_remote_config' using build file 'C:\Users\user\AppData\Local\Pub\Cache\hosted\pub.dev\firebase_remote_config-5.5.0\android\build.gradle'.
[        ] Using default execution profile
[        ] Using Kotlin Gradle Plugin gradle85 variant
[ +295 ms] > Configure project :flutter_local_notifications
[        ] Evaluating project ':flutter_local_notifications' using build file 'C:\Users\user\AppData\Local\Pub\Cache\hosted\pub.dev\flutter_local_notifications-17.2.4\android\build.gradle'.
[        ] Using default execution profile
[ +200 ms] > Configure project :flutter_plugin_android_lifecycle
[        ] Evaluating project ':flutter_plugin_android_lifecycle' using build file 'C:\Users\user\AppData\Local\Pub\Cache\hosted\pub.dev\flutter_plugin_android_lifecycle-2.0.32\android\build.gradle'.
[        ] Using default execution profile
[ +121 ms] > Configure project :geolocator_android
[        ] Evaluating project ':geolocator_android' using build file 'C:\Users\user\AppData\Local\Pub\Cache\hosted\pub.dev\geolocator_android-4.6.2\android\build.gradle'.
[        ] Using default execution profile
[  +68 ms] > Configure project :google_maps_flutter_android
[        ] Evaluating project ':google_maps_flutter_android' using build file 'C:\Users\user\AppData\Local\Pub\Cache\hosted\pub.dev\google_maps_flutter_android-2.18.4\android\build.gradle'.
[        ] Using default execution profile
[        ] All projects evaluated.
[        ] Task name matched 'assembleDebug'
[        ] Selected primary task 'assembleDebug' from project :
[ +110 ms] Adding -Xuse-inline-scopes-numbers Kotlin compiler flag for task :app:compileDebugKotlin
[ +522 ms] Tasks to be executed: [task ':app:DebugMinSdkCheck', task ':app:preBuild', task ':app:preDebugBuild', task ':app:mergeDebugNativeDebugMetadata', task ':app:checkKotlinGradlePluginConfigurationErrors', task ':app:compileFlutterBuildDebug', task ':app:packJniLibsflutterBuildDebug', task ':cloud_firestore:preBuild', task ':cloud_firestore:preDebugBuild', task ':cloud_firestore:writeDebugAarMetadata', task ':firebase_analytics:preBuild', task ':firebase_analytics:preDebugBuild', task ':firebase_analytics:writeDebugAarMetadata', task ':firebase_auth:preBuild', task ':firebase_auth:preDebugBuild', task ':firebase_auth:writeDebugAarMetadata', task ':firebase_core:preBuild', task ':firebase_core:preDebugBuild', task ':firebase_core:writeDebugAarMetadata', task ':firebase_dynamic_links:preBuild', task ':firebase_dynamic_links:preDebugBuild', task ':firebase_dynamic_links:writeDebugAarMetadata', task ':firebase_messaging:preBuild', task ':firebase_messaging:preDebugBuild', task ':firebase_messaging:writeDebugAarMetadata', task ':firebase_remote_config:preBuild', task ':firebase_remote_config:preDebugBuild', task ':firebase_remote_config:writeDebugAarMetadata', task ':flutter_local_notifications:preBuild', task ':flutter_local_notifications:preDebugBuild', task ':flutter_local_notifications:writeDebugAarMetadata', task ':flutter_plugin_android_lifecycle:preBuild', task ':flutter_plugin_android_lifecycle:preDebugBuild', task ':flutter_plugin_android_lifecycle:writeDebugAarMetadata', task ':geolocator_android:preBuild', task ':geolocator_android:preDebugBuild', task ':geolocator_android:writeDebugAarMetadata', task ':google_maps_flutter_android:preBuild', task ':google_maps_flutter_android:preDebugBuild', task ':google_maps_flutter_android:writeDebugAarMetadata', task ':app:checkDebugAarMetadata', task ':app:cleanMergeDebugAssets', task ':app:mergeDebugShaders', task ':app:compileDebugShaders', task ':app:generateDebugAssets', task ':cloud_firestore:mergeDebugShaders', task ':cloud_firestore:compileDebugShaders', task ':cloud_firestore:generateDebugAssets', task ':cloud_firestore:mergeDebugAssets', task ':firebase_analytics:mergeDebugShaders', task ':firebase_analytics:compileDebugShaders', task ':firebase_analytics:generateDebugAssets', task ':firebase_analytics:mergeDebugAssets', task ':firebase_auth:mergeDebugShaders', task ':firebase_auth:compileDebugShaders', task ':firebase_auth:generateDebugAssets', task ':firebase_auth:mergeDebugAssets', task ':firebase_core:mergeDebugShaders', task ':firebase_core:compileDebugShaders', task ':firebase_core:generateDebugAssets', task ':firebase_core:mergeDebugAssets', task ':firebase_dynamic_links:mergeDebugShaders', task ':firebase_dynamic_links:compileDebugShaders', task ':firebase_dynamic_links:generateDebugAssets', task ':firebase_dynamic_links:mergeDebugAssets', task ':firebase_messaging:mergeDebugShaders', task ':firebase_messaging:compileDebugShaders', task ':firebase_messaging:generateDebugAssets', task ':firebase_messaging:mergeDebugAssets', task ':firebase_remote_config:mergeDebugShaders', task ':firebase_remote_config:compileDebugShaders', task ':firebase_remote_config:generateDebugAssets', task ':firebase_remote_config:mergeDebugAssets', task ':flutter_local_notifications:mergeDebugShaders', task ':flutter_local_notifications:compileDebugShaders', task ':flutter_local_notifications:generateDebugAssets', task ':flutter_local_notifications:mergeDebugAssets', task ':flutter_plugin_android_lifecycle:mergeDebugShaders', task ':flutter_plugin_android_lifecycle:compileDebugShaders', task ':flutter_plugin_android_lifecycle:generateDebugAssets', task ':flutter_plugin_android_lifecycle:mergeDebugAssets', task ':geolocator_android:mergeDebugShaders', task ':geolocator_android:compileDebugShaders', task ':geolocator_android:generateDebugAssets', task ':geolocator_android:mergeDebugAssets', task ':google_maps_flutter_android:mergeDebugShaders', task ':google_maps_flutter_android:compileDebugShaders', task ':google_maps_flutter_android:generateDebugAssets', task ':google_maps_flutter_android:mergeDebugAssets', task ':app:mergeDebugAssets', task ':app:copyFlutterAssetsDebug', task ':app:generateDebugResValues', task ':app:processDebugGoogleServices', task ':cloud_firestore:generateDebugResValues', task ':cloud_firestore:generateDebugResources', task ':cloud_firestore:packageDebugResources', task ':firebase_analytics:generateDebugResValues', task ':firebase_analytics:generateDebugResources', task ':firebase_analytics:packageDebugResources', task ':firebase_auth:generateDebugResValues', task ':firebase_auth:generateDebugResources', task ':firebase_auth:packageDebugResources', task ':firebase_core:generateDebugResValues', task ':firebase_core:generateDebugResources', task ':firebase_core:packageDebugResources', task ':firebase_dynamic_links:generateDebugResValues', task ':firebase_dynamic_links:generateDebugResources', task ':firebase_dynamic_links:packageDebugResources', task ':firebase_messaging:generateDebugResValues', task ':firebase_messaging:generateDebugResources', task ':firebase_messaging:packageDebugResources', task ':firebase_remote_config:generateDebugResValues', task ':firebase_remote_config:generateDebugResources', task ':firebase_remote_config:packageDebugResources', task ':flutter_local_notifications:generateDebugResValues', task ':flutter_local_notifications:generateDebugResources', task ':flutter_local_notifications:packageDebugResources', task ':flutter_plugin_android_lifecycle:generateDebugResValues', task ':flutter_plugin_android_lifecycle:generateDebugResources', task ':flutter_plugin_android_lifecycle:packageDebugResources', task ':geolocator_android:generateDebugResValues', task ':geolocator_android:generateDebugResources', task ':geolocator_android:packageDebugResources', task ':google_maps_flutter_android:generateDebugResValues', task ':google_maps_flutter_android:generateDebugResources', task ':google_maps_flutter_android:packageDebugResources', task ':app:mapDebugSourceSetPaths', task ':app:generateDebugResources', task ':app:mergeDebugResources', task ':app:packageDebugResources', task ':app:parseDebugLocalResources', task ':app:createDebugCompatibleScreenManifests', task ':app:extractDeepLinksDebug', task ':cloud_firestore:extractDeepLinksDebug', task ':cloud_firestore:processDebugManifest', task ':firebase_analytics:extractDeepLinksDebug', task ':firebase_analytics:processDebugManifest', task ':firebase_auth:extractDeepLinksDebug', task ':firebase_auth:processDebugManifest', task ':firebase_core:extractDeepLinksDebug', task ':firebase_core:processDebugManifest', task ':firebase_dynamic_links:extractDeepLinksDebug', task ':firebase_dynamic_links:processDebugManifest', task ':firebase_messaging:extractDeepLinksDebug', task ':firebase_messaging:processDebugManifest', task ':firebase_remote_config:extractDeepLinksDebug', task ':firebase_remote_config:processDebugManifest', task ':flutter_local_notifications:extractDeepLinksDebug', task ':flutter_local_notifications:processDebugManifest', task ':flutter_plugin_android_lifecycle:extractDeepLinksDebug', task ':flutter_plugin_android_lifecycle:processDebugManifest', task ':geolocator_android:extractDeepLinksDebug', task ':geolocator_android:processDebugManifest', task ':google_maps_flutter_android:extractDeepLinksDebug', task ':google_maps_flutter_android:processDebugManifest', task ':app:processDebugMainManifest', task ':app:processDebugManifest', task ':app:processDebugManifestForPackage', task ':cloud_firestore:compileDebugLibraryResources', task ':cloud_firestore:parseDebugLocalResources', task ':cloud_firestore:generateDebugRFile', task ':firebase_analytics:compileDebugLibraryResources', task ':firebase_analytics:parseDebugLocalResources', task ':firebase_analytics:generateDebugRFile', task ':firebase_auth:compileDebugLibraryResources', task ':firebase_auth:parseDebugLocalResources', task ':firebase_auth:generateDebugRFile', task ':firebase_core:compileDebugLibraryResources', task ':firebase_core:parseDebugLocalResources', task ':firebase_core:generateDebugRFile', task ':firebase_dynamic_links:compileDebugLibraryResources', task ':firebase_dynamic_links:parseDebugLocalResources', task ':firebase_dynamic_links:generateDebugRFile', task ':firebase_messaging:compileDebugLibraryResources', task ':firebase_messaging:parseDebugLocalResources', task ':firebase_messaging:generateDebugRFile', task ':firebase_remote_config:compileDebugLibraryResources', task ':firebase_remote_config:parseDebugLocalResources', task ':firebase_remote_config:generateDebugRFile', task ':flutter_local_notifications:compileDebugLibraryResources', task ':flutter_local_notifications:parseDebugLocalResources', task ':flutter_local_notifications:generateDebugRFile', task ':flutter_plugin_android_lifecycle:compileDebugLibraryResources', task ':flutter_plugin_android_lifecycle:parseDebugLocalResources', task ':flutter_plugin_android_lifecycle:generateDebugRFile', task ':geolocator_android:compileDebugLibraryResources', task ':geolocator_android:parseDebugLocalResources', task ':geolocator_android:generateDebugRFile', task ':google_maps_flutter_android:compileDebugLibraryResources', task ':google_maps_flutter_android:parseDebugLocalResources', task ':google_maps_flutter_android:generateDebugRFile', task ':app:processDebugResources', task ':cloud_firestore:generateDebugBuildConfig', task ':cloud_firestore:javaPreCompileDebug', task ':firebase_core:generateDebugBuildConfig', task ':firebase_core:javaPreCompileDebug', task ':firebase_core:compileDebugJavaWithJavac', task ':firebase_core:bundleLibCompileToJarDebug', task ':cloud_firestore:compileDebugJavaWithJavac', task ':cloud_firestore:bundleLibCompileToJarDebug', task ':firebase_analytics:checkKotlinGradlePluginConfigurationErrors', task ':firebase_analytics:generateDebugBuildConfig', task ':firebase_analytics:compileDebugKotlin', task ':firebase_analytics:javaPreCompileDebug', task ':firebase_analytics:compileDebugJavaWithJavac', task ':firebase_analytics:bundleLibCompileToJarDebug', task ':firebase_auth:generateDebugBuildConfig', task ':firebase_auth:javaPreCompileDebug', task ':firebase_auth:compileDebugJavaWithJavac', task ':firebase_auth:bundleLibCompileToJarDebug', task ':firebase_dynamic_links:generateDebugBuildConfig', task ':firebase_dynamic_links:javaPreCompileDebug', task ':firebase_dynamic_links:compileDebugJavaWithJavac', task ':firebase_dynamic_links:bundleLibCompileToJarDebug', task ':firebase_messaging:generateDebugBuildConfig', task ':firebase_messaging:javaPreCompileDebug', task ':firebase_messaging:compileDebugJavaWithJavac', task ':firebase_messaging:bundleLibCompileToJarDebug', task ':firebase_remote_config:checkKotlinGradlePluginConfigurationErrors', task ':firebase_remote_config:generateDebugBuildConfig', task ':firebase_remote_config:compileDebugKotlin', task ':firebase_remote_config:javaPreCompileDebug', task ':firebase_remote_config:compileDebugJavaWithJavac', task ':firebase_remote_config:bundleLibCompileToJarDebug', task ':flutter_local_notifications:javaPreCompileDebug', task ':flutter_local_notifications:compileDebugJavaWithJavac', task ':flutter_local_notifications:bundleLibCompileToJarDebug', task ':flutter_plugin_android_lifecycle:javaPreCompileDebug', task ':flutter_plugin_android_lifecycle:compileDebugJavaWithJavac', task ':flutter_plugin_android_lifecycle:bundleLibCompileToJarDebug', task ':geolocator_android:javaPreCompileDebug', task ':geolocator_android:compileDebugJavaWithJavac', task ':geolocator_android:bundleLibCompileToJarDebug', task ':google_maps_flutter_android:javaPreCompileDebug', task ':google_maps_flutter_android:compileDebugJavaWithJavac', task ':google_maps_flutter_android:bundleLibCompileToJarDebug', task ':app:compileDebugKotlin', task ':app:javaPreCompileDebug', task ':app:compileDebugJavaWithJavac', task ':app:compressDebugAssets', task ':app:l8DexDesugarLibDebug', task ':app:processDebugJavaRes', task ':cloud_firestore:processDebugJavaRes', task ':firebase_analytics:processDebugJavaRes', task ':firebase_auth:processDebugJavaRes', task ':firebase_core:processDebugJavaRes', task ':firebase_dynamic_links:processDebugJavaRes', task ':firebase_messaging:processDebugJavaRes', task ':firebase_remote_config:processDebugJavaRes', task ':flutter_local_notifications:processDebugJavaRes', task ':flutter_plugin_android_lifecycle:processDebugJavaRes', task ':geolocator_android:processDebugJavaRes', task ':google_maps_flutter_android:processDebugJavaRes', task ':app:mergeDebugJavaResource', task ':app:checkDebugDuplicateClasses', task ':app:desugarDebugFileDependencies', task ':app:mergeExtDexDebug', task ':cloud_firestore:bundleLibRuntimeToDirDebug', task ':firebase_analytics:bundleLibRuntimeToDirDebug', task ':firebase_auth:bundleLibRuntimeToDirDebug', task ':firebase_dynamic_links:bundleLibRuntimeToDirDebug', task ':firebase_messaging:bundleLibRuntimeToDirDebug', task ':firebase_remote_config:bundleLibRuntimeToDirDebug', task ':firebase_core:bundleLibRuntimeToDirDebug', task ':flutter_local_notifications:bundleLibRuntimeToDirDebug', task ':google_maps_flutter_android:bundleLibRuntimeToDirDebug', task ':flutter_plugin_android_lifecycle:bundleLibRuntimeToDirDebug', task ':geolocator_android:bundleLibRuntimeToDirDebug', task ':app:mergeLibDexDebug', task ':app:dexBuilderDebug', task ':app:mergeProjectDexDebug', task ':app:configureCMakeDebug[arm64-v8a]', task ':app:buildCMakeDebug[arm64-v8a]', task ':app:configureCMakeDebug[armeabi-v7a]', task ':app:buildCMakeDebug[armeabi-v7a]', task ':app:configureCMakeDebug[x86_64]', task ':app:buildCMakeDebug[x86_64]', task ':app:mergeDebugJniLibFolders', task ':cloud_firestore:mergeDebugJniLibFolders', task ':cloud_firestore:mergeDebugNativeLibs', task ':cloud_firestore:copyDebugJniLibsProjectOnly', task ':firebase_analytics:mergeDebugJniLibFolders', task ':firebase_analytics:mergeDebugNativeLibs', task ':firebase_analytics:copyDebugJniLibsProjectOnly', task ':firebase_auth:mergeDebugJniLibFolders', task ':firebase_auth:mergeDebugNativeLibs', task ':firebase_auth:copyDebugJniLibsProjectOnly', task ':firebase_core:mergeDebugJniLibFolders', task ':firebase_core:mergeDebugNativeLibs', task ':firebase_core:copyDebugJniLibsProjectOnly', task ':firebase_dynamic_links:mergeDebugJniLibFolders', task ':firebase_dynamic_links:mergeDebugNativeLibs', task ':firebase_dynamic_links:copyDebugJniLibsProjectOnly', task ':firebase_messaging:mergeDebugJniLibFolders', task ':firebase_messaging:mergeDebugNativeLibs', task ':firebase_messaging:copyDebugJniLibsProjectOnly', task ':firebase_remote_config:mergeDebugJniLibFolders', task ':firebase_remote_config:mergeDebugNativeLibs', task ':firebase_remote_config:copyDebugJniLibsProjectOnly', task ':flutter_local_notifications:mergeDebugJniLibFolders', task ':flutter_local_notifications:mergeDebugNativeLibs', task ':flutter_local_notifications:copyDebugJniLibsProjectOnly', task ':flutter_plugin_android_lifecycle:mergeDebugJniLibFolders', task ':flutter_plugin_android_lifecycle:mergeDebugNativeLibs', task ':flutter_plugin_android_lifecycle:copyDebugJniLibsProjectOnly', task ':geolocator_android:mergeDebugJniLibFolders', task ':geolocator_android:mergeDebugNativeLibs', task ':geolocator_android:copyDebugJniLibsProjectOnly', task ':google_maps_flutter_android:mergeDebugJniLibFolders', task ':google_maps_flutter_android:mergeDebugNativeLibs', task ':google_maps_flutter_android:copyDebugJniLibsProjectOnly', task ':app:mergeDebugNativeLibs', task ':app:stripDebugDebugSymbols', task ':app:validateSigningDebug', task ':app:writeDebugAppMetadata', task ':app:writeDebugSigningConfigVersions', task ':app:packageDebug', task ':app:createDebugApkListingFileRedirect', task ':app:assembleDebug', task ':cloud_firestore:stripDebugDebugSymbols', task ':cloud_firestore:copyDebugJniLibsProjectAndLocalJars', task ':cloud_firestore:extractDebugAnnotations', task ':cloud_firestore:extractDeepLinksForAarDebug', task ':cloud_firestore:mergeDebugGeneratedProguardFiles', task ':cloud_firestore:mergeDebugConsumerProguardFiles', task ':cloud_firestore:prepareDebugArtProfile', task ':cloud_firestore:prepareLintJarForPublish', task ':cloud_firestore:mergeDebugJavaResource', task ':cloud_firestore:syncDebugLibJars', task ':cloud_firestore:bundleDebugAar', task ':cloud_firestore:assembleDebug', task ':firebase_analytics:stripDebugDebugSymbols', task ':firebase_analytics:copyDebugJniLibsProjectAndLocalJars', task ':firebase_analytics:extractDebugAnnotations', task ':firebase_analytics:extractDeepLinksForAarDebug', task ':firebase_analytics:mergeDebugGeneratedProguardFiles', task ':firebase_analytics:mergeDebugConsumerProguardFiles', task ':firebase_analytics:prepareDebugArtProfile', task ':firebase_analytics:prepareLintJarForPublish', task ':firebase_analytics:mergeDebugJavaResource', task ':firebase_analytics:syncDebugLibJars', task ':firebase_analytics:bundleDebugAar', task ':firebase_analytics:assembleDebug', task ':firebase_auth:stripDebugDebugSymbols', task ':firebase_auth:copyDebugJniLibsProjectAndLocalJars', task ':firebase_auth:extractDebugAnnotations', task ':firebase_auth:extractDeepLinksForAarDebug', task ':firebase_auth:mergeDebugGeneratedProguardFiles', task ':firebase_auth:mergeDebugConsumerProguardFiles', task ':firebase_auth:prepareDebugArtProfile', task ':firebase_auth:prepareLintJarForPublish', task ':firebase_auth:mergeDebugJavaResource', task ':firebase_auth:syncDebugLibJars', task ':firebase_auth:bundleDebugAar', task ':firebase_auth:assembleDebug', task ':firebase_core:stripDebugDebugSymbols', task ':firebase_core:copyDebugJniLibsProjectAndLocalJars', task ':firebase_core:extractDebugAnnotations', task ':firebase_core:extractDeepLinksForAarDebug', task ':firebase_core:mergeDebugGeneratedProguardFiles', task ':firebase_core:mergeDebugConsumerProguardFiles', task ':firebase_core:prepareDebugArtProfile', task ':firebase_core:prepareLintJarForPublish', task ':firebase_core:mergeDebugJavaResource', task ':firebase_core:syncDebugLibJars', task ':firebase_core:bundleDebugAar', task ':firebase_core:assembleDebug', task ':firebase_dynamic_links:stripDebugDebugSymbols', task ':firebase_dynamic_links:copyDebugJniLibsProjectAndLocalJars', task ':firebase_dynamic_links:extractDebugAnnotations', task ':firebase_dynamic_links:extractDeepLinksForAarDebug', task ':firebase_dynamic_links:mergeDebugGeneratedProguardFiles', task ':firebase_dynamic_links:mergeDebugConsumerProguardFiles', task ':firebase_dynamic_links:prepareDebugArtProfile', task ':firebase_dynamic_links:prepareLintJarForPublish', task ':firebase_dynamic_links:mergeDebugJavaResource', task ':firebase_dynamic_links:syncDebugLibJars', task ':firebase_dynamic_links:bundleDebugAar', task ':firebase_dynamic_links:assembleDebug', task ':firebase_messaging:stripDebugDebugSymbols', task ':firebase_messaging:copyDebugJniLibsProjectAndLocalJars', task ':firebase_messaging:extractDebugAnnotations', task ':firebase_messaging:extractDeepLinksForAarDebug', task ':firebase_messaging:mergeDebugGeneratedProguardFiles', task ':firebase_messaging:mergeDebugConsumerProguardFiles', task ':firebase_messaging:prepareDebugArtProfile', task ':firebase_messaging:prepareLintJarForPublish', task ':firebase_messaging:mergeDebugJavaResource', task ':firebase_messaging:syncDebugLibJars', task ':firebase_messaging:bundleDebugAar', task ':firebase_messaging:assembleDebug', task ':firebase_remote_config:stripDebugDebugSymbols', task ':firebase_remote_config:copyDebugJniLibsProjectAndLocalJars', task ':firebase_remote_config:extractDebugAnnotations', task ':firebase_remote_config:extractDeepLinksForAarDebug', task ':firebase_remote_config:mergeDebugGeneratedProguardFiles', task ':firebase_remote_config:mergeDebugConsumerProguardFiles', task ':firebase_remote_config:prepareDebugArtProfile', task ':firebase_remote_config:prepareLintJarForPublish', task ':firebase_remote_config:mergeDebugJavaResource', task ':firebase_remote_config:syncDebugLibJars', task ':firebase_remote_config:bundleDebugAar', task ':firebase_remote_config:assembleDebug', task ':flutter_local_notifications:stripDebugDebugSymbols', task ':flutter_local_notifications:copyDebugJniLibsProjectAndLocalJars', task ':flutter_local_notifications:extractDebugAnnotations', task ':flutter_local_notifications:extractDeepLinksForAarDebug', task ':flutter_local_notifications:mergeDebugGeneratedProguardFiles', task ':flutter_local_notifications:mergeDebugConsumerProguardFiles', task ':flutter_local_notifications:prepareDebugArtProfile', task ':flutter_local_notifications:prepareLintJarForPublish', task ':flutter_local_notifications:mergeDebugJavaResource', task ':flutter_local_notifications:syncDebugLibJars', task ':flutter_local_notifications:bundleDebugAar', task ':flutter_local_notifications:assembleDebug', task ':flutter_plugin_android_lifecycle:stripDebugDebugSymbols', task ':flutter_plugin_android_lifecycle:copyDebugJniLibsProjectAndLocalJars', task ':flutter_plugin_android_lifecycle:extractDebugAnnotations', task ':flutter_plugin_android_lifecycle:extractDeepLinksForAarDebug', task ':flutter_plugin_android_lifecycle:mergeDebugGeneratedProguardFiles', task ':flutter_plugin_android_lifecycle:mergeDebugConsumerProguardFiles', task ':flutter_plugin_android_lifecycle:prepareDebugArtProfile', task ':flutter_plugin_android_lifecycle:prepareLintJarForPublish', task ':flutter_plugin_android_lifecycle:mergeDebugJavaResource', task ':flutter_plugin_android_lifecycle:syncDebugLibJars', task ':flutter_plugin_android_lifecycle:bundleDebugAar', task ':flutter_plugin_android_lifecycle:assembleDebug', task ':geolocator_android:stripDebugDebugSymbols', task ':geolocator_android:copyDebugJniLibsProjectAndLocalJars', task ':geolocator_android:extractDebugAnnotations', task ':geolocator_android:extractDeepLinksForAarDebug', task ':geolocator_android:mergeDebugGeneratedProguardFiles', task ':geolocator_android:mergeDebugConsumerProguardFiles', task ':geolocator_android:prepareDebugArtProfile', task ':geolocator_android:prepareLintJarForPublish', task ':geolocator_android:mergeDebugJavaResource', task ':geolocator_android:syncDebugLibJars', task ':geolocator_android:bundleDebugAar', task ':geolocator_android:assembleDebug', task ':google_maps_flutter_android:stripDebugDebugSymbols', task ':google_maps_flutter_android:copyDebugJniLibsProjectAndLocalJars', task ':google_maps_flutter_android:extractDebugAnnotations', task ':google_maps_flutter_android:extractDeepLinksForAarDebug', task ':google_maps_flutter_android:mergeDebugGeneratedProguardFiles', task ':google_maps_flutter_android:mergeDebugConsumerProguardFiles', task ':google_maps_flutter_android:prepareDebugArtProfile', task ':google_maps_flutter_android:prepareLintJarForPublish', task ':google_maps_flutter_android:mergeDebugJavaResource', task ':google_maps_flutter_android:syncDebugLibJars', task ':google_maps_flutter_android:bundleDebugAar', task ':google_maps_flutter_android:assembleDebug']
[   +1 ms] Tasks that were excluded: []
[        ] work action Parameters of ClassesDirToClassesTransform (Thread[Execution worker Thread 2,5,main]) started.
[        ] work action Parameters of DexingNoClasspathTransform (Thread[Execution worker Thread 2,5,main]) started.
[        ] Resolve mutations for :app:DebugMinSdkCheck (Thread[Execution worker Thread 2,5,main]) started.
[        ] :app:DebugMinSdkCheck (Thread[Execution worker Thread 2,5,main]) started.
[  +71 ms] > Task :app:DebugMinSdkCheck
[        ] Caching disabled for task ':app:DebugMinSdkCheck' because:
[        ]   Build cache is disabled
[   +1 ms] Task ':app:DebugMinSdkCheck' is not up-to-date because:
[        ]   Task has not declared any outputs despite executing actions.
[        ] Resolve mutations for :app:preBuild (Thread[Execution worker Thread 2,5,main]) started.
[        ] :app:preBuild (Thread[Execution worker Thread 2,5,main]) started.
[        ] > Task :app:preBuild UP-TO-DATE
[        ] Skipping task ':app:preBuild' as it has no actions.
[        ] Resolve mutations for :app:preDebugBuild (Thread[Execution worker Thread 2,5,main]) started.
[        ] :app:preDebugBuild (Thread[Execution worker Thread 2,5,main]) started.
[        ] > Task :app:preDebugBuild UP-TO-DATE
[        ] Skipping task ':app:preDebugBuild' as it has no actions.
[        ] Resolve mutations for :app:mergeDebugNativeDebugMetadata (Thread[Execution worker Thread 2,5,main]) started.
[        ] :app:mergeDebugNativeDebugMetadata (Thread[Execution worker Thread 2,5,main]) started.
[        ] > Task :app:mergeDebugNativeDebugMetadata NO-SOURCE
[        ] Skipping task ':app:mergeDebugNativeDebugMetadata' as it has no source files and no previous output files.
[        ] Resolve mutations for :app:checkKotlinGradlePluginConfigurationErrors (Thread[Execution worker Thread 2,5,main]) started.
[        ] :app:checkKotlinGradlePluginConfigurationErrors (Thread[Execution worker Thread 2,5,main]) started.
[        ] > Task :app:checkKotlinGradlePluginConfigurationErrors SKIPPED
[        ] Skipping task ':app:checkKotlinGradlePluginConfigurationErrors' as task onlyIf 'errorDiagnostics are present' is false.
[        ] Resolve mutations for :app:compileFlutterBuildDebug (Thread[Execution worker Thread 2,5,main]) started.
[        ] :app:compileFlutterBuildDebug (Thread[Execution worker Thread 2,5,main]) started.
[ +579 ms] lib/features/auth/auth_gate.dart:74:33: Error: The getter 'OtpStage' isn't defined for the type '_AuthGateState'.
[        ]  - '_AuthGateState' is from 'package:wawapp_driver/features/auth/auth_gate.dart' ('lib/features/auth/auth_gate.dart').
[        ] Try correcting the name to the name of an existing getter, or defining a getter or field named 'OtpStage'.
[        ]       if (authState.otpStage == OtpStage.codeSent) {
[        ]                                 ^^^^^^^^
[   +2 ms] lib/features/auth/create_pin_screen.dart:64:16: Error: 'AuthState' isn't a type.
[        ]     ref.listen<AuthState>(authProvider, (previous, next) {
[        ]                ^^^^^^^^^
[        ] lib/features/auth/create_pin_screen.dart:65:16: Error: The getter 'hasPin' isn't defined for the type 'Object?'.
[        ]  - 'Object' is from 'dart:core'.
[        ] Try correcting the name to the name of an existing getter, or defining a getter or field named 'hasPin'.
[        ]       if (next.hasPin && !next.isLoading) {
[        ]                ^^^^^^
[        ] lib/features/auth/create_pin_screen.dart:65:32: Error: The getter 'isLoading' isn't defined for the type 'Object?'.
[        ]  - 'Object' is from 'dart:core'.
[        ] Try correcting the name to the name of an existing getter, or defining a getter or field named 'isLoading'.
[        ]       if (next.hasPin && !next.isLoading) {
[        ]                                ^^^^^^^^^
[        ] lib/features/auth/create_pin_screen.dart:70:16: Error: The getter 'error' isn't defined for the type 'Object?'.
[        ]  - 'Object' is from 'dart:core'.
[        ] Try correcting the name to the name of an existing getter, or defining a getter or field named 'error'.
[        ]       if (next.error != null && previous?.error != next.error) {
[        ]                ^^^^^
[        ] lib/features/auth/create_pin_screen.dart:70:43: Error: The getter 'error' isn't defined for the type 'Object'.
[        ]  - 'Object' is from 'dart:core'.
[        ] Try correcting the name to the name of an existing getter, or defining a getter or field named 'error'.
[        ]       if (next.error != null && previous?.error != next.error) {
[        ]                                           ^^^^^
[        ] lib/features/auth/create_pin_screen.dart:70:57: Error: The getter 'error' isn't defined for the type 'Object?'.
[        ]  - 'Object' is from 'dart:core'.
[        ] Try correcting the name to the name of an existing getter, or defining a getter or field named 'error'.
[        ]       if (next.error != null && previous?.error != next.error) {
[        ]                                                         ^^^^^
[        ] lib/features/auth/create_pin_screen.dart:72:50: Error: The getter 'error' isn't defined for the type 'Object?'.
[        ]  - 'Object' is from 'dart:core'.
[        ] Try correcting the name to the name of an existing getter, or defining a getter or field named 'error'.
[        ]           print('[CreatePinScreen] Error: ${next.error}');
[        ]                                                  ^^^^^
[+1408 ms] > Task :app:compileFlutterBuildDebug
[        ] Caching disabled for task ':app:compileFlutterBuildDebug' because:
[        ]   Build cache is disabled
[        ]   Caching has not been enabled for the task
[        ] Task ':app:compileFlutterBuildDebug' is not up-to-date because:
[        ]   Task has failed previously.
[        ] Starting process 'command 'C:\flutter\bin\flutter.bat''. Working directory: C:\Users\user\Music\wawapp-ai\apps\wawapp_driver Command: C:\flutter\bin\flutter.bat --verbose assemble --no-version-check --depfile C:\Users\user\Music\wawapp-ai\apps\wawapp_driver\build\app\intermediates\flutter\debug/flutter_build.d --output C:\Users\user\Music\wawapp-ai\apps\wawapp_driver\build\app\intermediates\flutter\debug -dTargetFile=C:\Users\user\Music\wawapp-ai\apps\wawapp_driver\lib\main.dart -dTargetPlatform=android -dBuildMode=debug -dTrackWidgetCreation=true --DartDefines=RkxVVFRFUl9WRVJTSU9OPTMuMzUuNQ==,RkxVVFRFUl9DSEFOTkVMPXN0YWJsZQ==,RkxVVFRFUl9HSVRfVVJMPWh0dHBzOi8vZ2l0aHViLmNvbS9mbHV0dGVyL2ZsdXR0ZXIuZ2l0,RkxVVFRFUl9GUkFNRVdPUktfUkVWSVNJT049YWM0ZTc5OWQyMw==,RkxVVFRFUl9FTkdJTkVfUkVWSVNJT049ZDNkNDVkY2YyNQ==,RkxVVFRFUl9EQVJUX1ZFUlNJT049My45LjI= -dFlavor= -dAndroidArchs=android-arm64 -dMinSdkVersion=24 debug_android_application
[        ] Successfully started process 'command 'C:\flutter\bin\flutter.bat''
[        ] [ +153 ms] Artifact Instance of 'MaterialFonts' is not required, skipping update.
[        ] [   +1 ms] Artifact Instance of 'GradleWrapper' is not required, skipping update.
[        ] [        ] Artifact Instance of 'AndroidGenSnapshotArtifacts' is not required, skipping update.
[        ] [        ] Artifact Instance of 'AndroidInternalBuildArtifacts' is not required, skipping update.
[        ] [        ] Artifact Instance of 'IOSEngineArtifacts' is not required, skipping update.
[        ] [        ] Artifact Instance of 'FlutterWebSdk' is not required, skipping update.
[        ] [   +1 ms] Artifact Instance of 'LegacyCanvasKitRemover' is not required, skipping update.
[        ] [        ] Artifact Instance of 'FlutterSdk' is not required, skipping update.
[        ] [        ] Artifact Instance of 'WindowsEngineArtifacts' is not required, skipping update.
[        ] [        ] Artifact Instance of 'MacOSEngineArtifacts' is not required, skipping update.
[        ] [        ] Artifact Instance of 'LinuxEngineArtifacts' is not required, skipping update.
[        ] [        ] Artifact Instance of 'LinuxFuchsiaSDKArtifacts' is not required, skipping update.
[        ] [        ] Artifact Instance of 'MacOSFuchsiaSDKArtifacts' is not required, skipping update.
[        ] [        ] Artifact Instance of 'FlutterRunnerSDKArtifacts' is not required, skipping update.
[        ] [        ] Artifact Instance of 'FlutterRunnerDebugSymbols' is not required, skipping update.
[        ] [        ] Artifact Instance of 'IosUsbArtifacts' is not required, skipping update.
[        ] [        ] Artifact Instance of 'IosUsbArtifacts' is not required, skipping update.
[        ] [        ] Artifact Instance of 'IosUsbArtifacts' is not required, skipping update.
[        ] [        ] Artifact Instance of 'IosUsbArtifacts' is not required, skipping update.
[        ] [        ] Artifact Instance of 'IosUsbArtifacts' is not required, skipping update.
[        ] [        ] Artifact Instance of 'IosUsbArtifacts' is not required, skipping update.
[        ] [        ] Artifact Instance of 'FontSubsetArtifacts' is not required, skipping update.
[        ] [        ] Artifact Instance of 'PubDependencies' is not required, skipping update.
[        ] [  +14 ms] Artifact Instance of 'AndroidGenSnapshotArtifacts' is not required, skipping update.
[        ] [        ] Artifact Instance of 'AndroidInternalBuildArtifacts' is not required, skipping update.
[        ] [        ] Artifact Instance of 'IOSEngineArtifacts' is not required, skipping update.
[        ] [        ] Artifact Instance of 'FlutterWebSdk' is not required, skipping update.
[        ] [        ] Artifact Instance of 'FlutterEngineStamp' is not required, skipping update.
[        ] [        ] Artifact Instance of 'LegacyCanvasKitRemover' is not required, skipping update.
[        ] [   +3 ms] Artifact Instance of 'WindowsEngineArtifacts' is not required, skipping update.
[        ] [        ] Artifact Instance of 'MacOSEngineArtifacts' is not required, skipping update.
[        ] [        ] Artifact Instance of 'LinuxEngineArtifacts' is not required, skipping update.
[        ] [        ] Artifact Instance of 'LinuxFuchsiaSDKArtifacts' is not required, skipping update.
[        ] [        ] Artifact Instance of 'MacOSFuchsiaSDKArtifacts' is not required, skipping update.
[        ] [        ] Artifact Instance of 'FlutterRunnerSDKArtifacts' is not required, skipping update.
[        ] [        ] Artifact Instance of 'FlutterRunnerDebugSymbols' is not required, skipping update.
[        ] [  +79 ms] Artifact Instance of 'MaterialFonts' is not required, skipping update.
[        ] [        ] Artifact Instance of 'GradleWrapper' is not required, skipping update.
[        ] [   +3 ms] Artifact Instance of 'AndroidInternalBuildArtifacts' is not required, skipping update.
[        ] [        ] Artifact Instance of 'IOSEngineArtifacts' is not required, skipping update.
[        ] [        ] Artifact Instance of 'FlutterWebSdk' is not required, skipping update.
[        ] [        ] Artifact Instance of 'FlutterEngineStamp' is not required, skipping update.
[        ] [        ] Artifact Instance of 'LegacyCanvasKitRemover' is not required, skipping update.
[        ] [        ] Artifact Instance of 'FlutterSdk' is not required, skipping update.
[        ] [        ] Artifact Instance of 'WindowsEngineArtifacts' is not required, skipping update.
[        ] [        ] Artifact Instance of 'MacOSEngineArtifacts' is not required, skipping update.
[        ] [        ] Artifact Instance of 'LinuxEngineArtifacts' is not required, skipping update.
[        ] [        ] Artifact Instance of 'LinuxFuchsiaSDKArtifacts' is not required, skipping update.
[        ] [        ] Artifact Instance of 'MacOSFuchsiaSDKArtifacts' is not required, skipping update.
[        ] [        ] Artifact Instance of 'FlutterRunnerSDKArtifacts' is not required, skipping update.
[        ] [        ] Artifact Instance of 'FlutterRunnerDebugSymbols' is not required, skipping update.
[        ] [        ] Artifact Instance of 'IosUsbArtifacts' is not required, skipping update.
[        ] [        ] Artifact Instance of 'IosUsbArtifacts' is not required, skipping update.
[        ] [        ] Artifact Instance of 'IosUsbArtifacts' is not required, skipping update.
[        ] [        ] Artifact Instance of 'IosUsbArtifacts' is not required, skipping update.
[        ] [        ] Artifact Instance of 'IosUsbArtifacts' is not required, skipping update.
[        ] [        ] Artifact Instance of 'IosUsbArtifacts' is not required, skipping update.
[        ] [        ] Artifact Instance of 'FontSubsetArtifacts' is not required, skipping update.
[        ] [        ] Artifact Instance of 'PubDependencies' is not required, skipping update.
[        ] [ +160 ms] Initializing file store
[        ] [  +37 ms] gen_localizations: Starting due to {}
[        ] [ +128 ms] gen_dart_plugin_registrant: Starting due to {InvalidatedReasonKind.outputSetAddition: The following outputs were added to the output set: C:\Users\user\Music\wawapp-ai\apps\wawapp_driver\.dart_tool\flutter_build\dart_plugin_registrant.dart, InvalidatedReasonKind.inputChanged: The following inputs have updated contents: C:\Users\user\Music\wawapp-ai\apps\wawapp_driver\.dart_tool\package_config.json}
[        ] [   +5 ms] dart_build: Starting due to {}
[        ] [ +202 ms] No packages with native assets. Skipping native assets compilation.
[        ] [   +5 ms] dart_build: Complete
[        ] [   +8 ms] install_code_assets: Starting due to {}
[        ] [   +2 ms] Writing native assets json to file:///C:/Users/user/Music/wawapp-ai/apps/wawapp_driver/.dart_tool/flutter_build/eac9b5ccd1939b067c0a2b4686275af9/native_assets.json.
[        ] [   +4 ms] Writing C:\Users\user\Music\wawapp-ai\apps\wawapp_driver\.dart_tool\flutter_build\eac9b5ccd1939b067c0a2b4686275af9\native_assets.json done.
[        ] [   +2 ms] install_code_assets: Complete
[  +83 ms] [  +98 ms] Found plugin google_maps_flutter at C:\Users\user\AppData\Local\Pub\Cache\hosted\pub.dev\google_maps_flutter-2.13.1\
[ +103 ms] [   +7 ms] Found plugin google_maps_flutter_web at C:\Users\user\AppData\Local\Pub\Cache\hosted\pub.dev\google_maps_flutter_web-0.5.14+2\
[        ] [  +13 ms] Found plugin google_maps_flutter_ios at C:\Users\user\AppData\Local\Pub\Cache\hosted\pub.dev\google_maps_flutter_ios-2.15.5\
[   +1 ms] [   +2 ms] Found plugin google_maps_flutter_android at C:\Users\user\AppData\Local\Pub\Cache\hosted\pub.dev\google_maps_flutter_android-2.18.4\
[        ] [   +3 ms] Found plugin flutter_plugin_android_lifecycle at C:\Users\user\AppData\Local\Pub\Cache\hosted\pub.dev\flutter_plugin_android_lifecycle-2.0.32\
[        ] [   +4 ms] Found plugin geolocator at C:\Users\user\AppData\Local\Pub\Cache\hosted\pub.dev\geolocator-10.1.1\
[        ] [   +1 ms] Found plugin geolocator_windows at C:\Users\user\AppData\Local\Pub\Cache\hosted\pub.dev\geolocator_windows-0.2.5\
[        ] [   +4 ms] Found plugin geolocator_web at C:\Users\user\AppData\Local\Pub\Cache\hosted\pub.dev\geolocator_web-2.2.1\
[        ] [   +2 ms] Found plugin geolocator_apple at C:\Users\user\AppData\Local\Pub\Cache\hosted\pub.dev\geolocator_apple-2.3.13\
[        ] [   +8 ms] Found plugin geolocator_android at C:\Users\user\AppData\Local\Pub\Cache\hosted\pub.dev\geolocator_android-4.6.2\
[        ] [  +10 ms] Found plugin flutter_local_notifications at C:\Users\user\AppData\Local\Pub\Cache\hosted\pub.dev\flutter_local_notifications-17.2.4\
[        ] [  +11 ms] Found plugin flutter_local_notifications_linux at C:\Users\user\AppData\Local\Pub\Cache\hosted\pub.dev\flutter_local_notifications_linux-4.0.1\
[        ] [   +9 ms] Found plugin firebase_remote_config at C:\Users\user\AppData\Local\Pub\Cache\hosted\pub.dev\firebase_remote_config-5.5.0\
[        ] [   +2 ms] Found plugin firebase_remote_config_web at C:\Users\user\AppData\Local\Pub\Cache\hosted\pub.dev\firebase_remote_config_web-1.8.9\
[        ] [   +3 ms] Found plugin firebase_core at C:\Users\user\AppData\Local\Pub\Cache\hosted\pub.dev\firebase_core-3.15.2\
[        ] [   +2 ms] Found plugin firebase_core_web at C:\Users\user\AppData\Local\Pub\Cache\hosted\pub.dev\firebase_core_web-2.24.1\
[        ] [   +5 ms] Found plugin firebase_messaging at C:\Users\user\AppData\Local\Pub\Cache\hosted\pub.dev\firebase_messaging-15.2.10\
[        ] [   +2 ms] Found plugin firebase_messaging_web at C:\Users\user\AppData\Local\Pub\Cache\hosted\pub.dev\firebase_messaging_web-3.10.10\
[        ] [   +5 ms] Found plugin firebase_dynamic_links at C:\Users\user\AppData\Local\Pub\Cache\hosted\pub.dev\firebase_dynamic_links-6.1.10\
[        ] [   +4 ms] Found plugin firebase_auth at C:\Users\user\AppData\Local\Pub\Cache\hosted\pub.dev\firebase_auth-5.7.0\
[        ] [   +2 ms] Found plugin firebase_auth_web at C:\Users\user\AppData\Local\Pub\Cache\hosted\pub.dev\firebase_auth_web-5.15.3\
[        ] [   +3 ms] Found plugin firebase_analytics at C:\Users\user\AppData\Local\Pub\Cache\hosted\pub.dev\firebase_analytics-11.6.0\
[        ] [   +3 ms] Found plugin firebase_analytics_web at C:\Users\user\AppData\Local\Pub\Cache\hosted\pub.dev\firebase_analytics_web-0.5.10+16\
[  +95 ms] [   +6 ms] Found plugin cloud_firestore at C:\Users\user\AppData\Local\Pub\Cache\hosted\pub.dev\cloud_firestore-5.6.12\
[        ] [   +2 ms] Found plugin cloud_firestore_web at C:\Users\user\AppData\Local\Pub\Cache\hosted\pub.dev\cloud_firestore_web-4.4.12\
[        ] [  +28 ms] Skipping generating dart_plugin_registrant.dart because it is up-to-date.
[        ] [        ] gen_dart_plugin_registrant: Complete
[ +710 ms] [ +751 ms] gen_localizations: Complete
[        ] [   +4 ms] kernel_snapshot_program: Starting due to {}
[  +91 ms] [  +14 ms] C:\flutter\bin\cache\dart-sdk\bin\dartaotruntime.exe C:\flutter\bin\cache\dart-sdk\bin\snapshots\frontend_server_aot.dart.snapshot --sdk-root C:\flutter\bin\cache\artifacts\engine\common\flutter_patched_sdk/ --target=flutter --no-print-incremental-dependencies -DFLUTTER_VERSION=3.35.5 -DFLUTTER_CHANNEL=stable -DFLUTTER_GIT_URL=https://github.com/flutter/flutter.git -DFLUTTER_FRAMEWORK_REVISION=ac4e799d23 -DFLUTTER_ENGINE_REVISION=d3d45dcf25 -DFLUTTER_DART_VERSION=3.9.2 -DFLUTTER_APP_FLAVOR= -Ddart.vm.profile=false -Ddart.vm.product=false --enable-asserts --track-widget-creation --no-link-platform --packages C:\Users\user\Music\wawapp-ai\apps\wawapp_driver\.dart_tool\package_config.json --output-dill C:\Users\user\Music\wawapp-ai\apps\wawapp_driver\.dart_tool\flutter_build\eac9b5ccd1939b067c0a2b4686275af9\app.dill --depfile C:\Users\user\Music\wawapp-ai\apps\wawapp_driver\.dart_tool\flutter_build\eac9b5ccd1939b067c0a2b4686275af9\kernel_snapshot_program.d --incremental --initialize-from-dill C:\Users\user\Music\wawapp-ai\apps\wawapp_driver\.dart_tool\flutter_build\eac9b5ccd1939b067c0a2b4686275af9\app.dill --source file:///C:/Users/user/Music/wawapp-ai/apps/wawapp_driver/.dart_tool/flutter_build/dart_plugin_registrant.dart --source package:flutter/src/dart_plugin_registrant.dart -Dflutter.dart_plugin_registrant=file:///C:/Users/user/Music/wawapp-ai/apps/wawapp_driver/.dart_tool/flutter_build/dart_plugin_registrant.dart --verbosity=error package:wawapp_driver/main.dart
[+5687 ms] [+5768 ms] lib/features/auth/auth_gate.dart:74:33: Error: The getter 'OtpStage' isn't defined for the type '_AuthGateState'.
[   +1 ms] [   +1 ms]  - '_AuthGateState' is from 'package:wawapp_driver/features/auth/auth_gate.dart' ('lib/features/auth/auth_gate.dart').
[        ] [        ] Try correcting the name to the name of an existing getter, or defining a getter or field named 'OtpStage'.
[        ] [        ]       if (authState.otpStage == OtpStage.codeSent) {
[        ] [        ]                                 ^^^^^^^^
[        ] [        ] lib/features/auth/create_pin_screen.dart:64:16: Error: 'AuthState' isn't a type.
[        ] [        ]     ref.listen<AuthState>(authProvider, (previous, next) {
[        ] [        ]                ^^^^^^^^^
[        ] [        ] lib/features/auth/create_pin_screen.dart:65:16: Error: The getter 'hasPin' isn't defined for the type 'Object?'.
[        ] [        ]  - 'Object' is from 'dart:core'.
[        ] [        ] Try correcting the name to the name of an existing getter, or defining a getter or field named 'hasPin'.
[        ] [        ]       if (next.hasPin && !next.isLoading) {
[        ] [        ]                ^^^^^^
[        ] [        ] lib/features/auth/create_pin_screen.dart:65:32: Error: The getter 'isLoading' isn't defined for the type 'Object?'.
[        ] [        ]  - 'Object' is from 'dart:core'.
[        ] [        ] Try correcting the name to the name of an existing getter, or defining a getter or field named 'isLoading'.
[        ] [        ]       if (next.hasPin && !next.isLoading) {
[        ] [        ]                                ^^^^^^^^^
[        ] [        ] lib/features/auth/create_pin_screen.dart:70:16: Error: The getter 'error' isn't defined for the type 'Object?'.
[        ] [        ]  - 'Object' is from 'dart:core'.
[        ] [        ] Try correcting the name to the name of an existing getter, or defining a getter or field named 'error'.
[        ] [        ]       if (next.error != null && previous?.error != next.error) {
[        ] [        ]                ^^^^^
[        ] [        ] lib/features/auth/create_pin_screen.dart:70:43: Error: The getter 'error' isn't defined for the type 'Object'.
[        ] [        ]  - 'Object' is from 'dart:core'.
[        ] [        ] Try correcting the name to the name of an existing getter, or defining a getter or field named 'error'.
[        ] [        ]       if (next.error != null && previous?.error != next.error) {
[        ] [        ]                                           ^^^^^
[        ] [        ] lib/features/auth/create_pin_screen.dart:70:57: Error: The getter 'error' isn't defined for the type 'Object?'.
[        ] [        ]  - 'Object' is from 'dart:core'.
[        ] [        ] Try correcting the name to the name of an existing getter, or defining a getter or field named 'error'.
[        ] [        ]       if (next.error != null && previous?.error != next.error) {
[        ] [        ]                                                         ^^^^^
[        ] [        ] lib/features/auth/create_pin_screen.dart:72:50: Error: The getter 'error' isn't defined for the type 'Object?'.
[        ] [        ]  - 'Object' is from 'dart:core'.
[        ] [        ] Try correcting the name to the name of an existing getter, or defining a getter or field named 'error'.
[        ] [        ]           print('[CreatePinScreen] Error: ${next.error}');
[        ] [        ]                                                  ^^^^^
[+6396 ms] [+6377 ms] Persisting file store
[        ] [   +3 ms] Done persisting file store
[        ] [   +4 ms] Target kernel_snapshot_program failed: Exception
[        ]            #0      KernelSnapshot.build (package:flutter_tools/src/build_system/targets/common.dart:282:7)
[        ]            <asynchronous suspension>
[        ]            #1      _BuildInstance._invokeInternal (package:flutter_tools/src/build_system/build_system.dart:873:9)
[        ]            <asynchronous suspension>
[        ]            #2      Future.wait.<anonymous closure> (dart:async/future.dart:525:21)
[        ]            <asynchronous suspension>
[        ]            #3      _BuildInstance.invokeTarget (package:flutter_tools/src/build_system/build_system.dart:811:32)
[        ]            <asynchronous suspension>
[        ]            #4      FlutterBuildSystem.build (package:flutter_tools/src/build_system/build_system.dart:631:16)
[        ]            <asynchronous suspension>
[        ]            #5      AssembleCommand.runCommand (package:flutter_tools/src/commands/assemble.dart:346:32)
[        ]            <asynchronous suspension>
[        ]            #6      FlutterCommand.run.<anonymous closure> (package:flutter_tools/src/runner/flutter_command.dart:1581:27)
[        ]            <asynchronous suspension>
[        ]            #7      AppContext.run.<anonymous closure> (package:flutter_tools/src/base/context.dart:154:19)
[        ]            <asynchronous suspension>
[        ]            #8      CommandRunner.runCommand (package:args/command_runner.dart:212:13)
[        ]            <asynchronous suspension>
[        ]            #9      FlutterCommandRunner.runCommand.<anonymous closure> (package:flutter_tools/src/runner/flutter_command_runner.dart:503:9)
[        ]            <asynchronous suspension>
[        ]            #10     AppContext.run.<anonymous closure> (package:flutter_tools/src/base/context.dart:154:19)
[        ]            <asynchronous suspension>
[        ]            #11     FlutterCommandRunner.runCommand (package:flutter_tools/src/runner/flutter_command_runner.dart:438:5)
[        ]            <asynchronous suspension>
[        ]            #12     run.<anonymous closure>.<anonymous closure> (package:flutter_tools/runner.dart:98:11)
[        ]            <asynchronous suspension>
[        ]            #13     AppContext.run.<anonymous closure> (package:flutter_tools/src/base/context.dart:154:19)
[        ]            <asynchronous suspension>
[        ]            #14     main (package:flutter_tools/executable.dart:101:3)
[        ]            <asynchronous suspension>
[        ] [   +1 ms] "flutter assemble" took 13,846ms.
[ +196 ms] [ +131 ms] 
[        ]            #0      throwToolExit (package:flutter_tools/src/base/common.dart:34:3)
[        ]            #1      AssembleCommand.runCommand (package:flutter_tools/src/commands/assemble.dart:364:7)
[        ] [        ] Running 1 shutdown hook
[        ]            <asynchronous suspension>
[        ]            #2      FlutterCommand.run.<anonymous closure> (package:flutter_tools/src/runner/flutter_command.dart:1581:27)
[        ]            <asynchronous suspension>
[        ]            #3      AppContext.run.<anonymous closure> (package:flutter_tools/src/base/context.dart:154:19)
[        ]            <asynchronous suspension>
[        ]            #4      CommandRunner.runCommand (package:args/command_runner.dart:212:13)
[        ]            <asynchronous suspension>
[        ]            #5      FlutterCommandRunner.runCommand.<anonymous closure> (package:flutter_tools/src/runner/flutter_command_runner.dart:503:9)
[        ]            <asynchronous suspension>
[        ]            #6      AppContext.run.<anonymous closure> (package:flutter_tools/src/base/context.dart:154:19)
[        ]            <asynchronous suspension>
[        ]            #7      FlutterCommandRunner.runCommand (package:flutter_tools/src/runner/flutter_command_runner.dart:438:5)
[        ]            <asynchronous suspension>
[        ]            #8      run.<anonymous closure>.<anonymous closure> (package:flutter_tools/runner.dart:98:11)
[        ]            <asynchronous suspension>
[        ]            #9      AppContext.run.<anonymous closure> (package:flutter_tools/src/base/context.dart:154:19)
[        ]            <asynchronous suspension>
[        ]            #10     main (package:flutter_tools/executable.dart:101:3)
[        ]            <asynchronous suspension>
[        ] [   +1 ms] Shutdown hooks complete
[ +200 ms] [ +268 ms] exiting with code 1
[  +97 ms] > Task :app:compileFlutterBuildDebug FAILED
[ +204 ms] [Incubating] Problems report is available at: file:///C:/Users/user/Music/wawapp-ai/apps/wawapp_driver/build/reports/problems/problems-report.html
[        ] FAILURE: Build failed with an exception.
[        ] * What went wrong:
[        ] Execution failed for task ':app:compileFlutterBuildDebug'.
[        ] > Process 'command 'C:\flutter\bin\flutter.bat'' finished with non-zero exit value 1
[        ] * Try:
[        ] > Run with --debug option to get more log output.
[        ] > Run with --scan to get full insights.
[        ] > Get more help at https://help.gradle.org.
[        ] * Exception is:
[        ] org.gradle.api.tasks.TaskExecutionException: Execution failed for task ':app:compileFlutterBuildDebug'.
[        ] 	at org.gradle.api.internal.tasks.execution.ExecuteActionsTaskExecuter.lambda$executeIfValid$1(ExecuteActionsTaskExecuter.java:130)
[        ] 	at org.gradle.internal.Try$Failure.ifSuccessfulOrElse(Try.java:293)
[   +1 ms] 	at org.gradle.api.internal.tasks.execution.ExecuteActionsTaskExecuter.executeIfValid(ExecuteActionsTaskExecuter.java:128)
[        ] 	at org.gradle.api.internal.tasks.execution.ExecuteActionsTaskExecuter.execute(ExecuteActionsTaskExecuter.java:116)
[        ] 	at org.gradle.api.internal.tasks.execution.ProblemsTaskPathTrackingTaskExecuter.execute(ProblemsTaskPathTrackingTaskExecuter.java:40)
[        ] 	at org.gradle.api.internal.tasks.execution.FinalizePropertiesTaskExecuter.execute(FinalizePropertiesTaskExecuter.java:46)
[        ] 	at org.gradle.api.internal.tasks.execution.ResolveTaskExecutionModeExecuter.execute(ResolveTaskExecutionModeExecuter.java:51)
[        ] 	at org.gradle.api.internal.tasks.execution.SkipTaskWithNoActionsExecuter.execute(SkipTaskWithNoActionsExecuter.java:57)
[        ] 	at org.gradle.api.internal.tasks.execution.SkipOnlyIfTaskExecuter.execute(SkipOnlyIfTaskExecuter.java:74)
[        ] 	at org.gradle.api.internal.tasks.execution.CatchExceptionTaskExecuter.execute(CatchExceptionTaskExecuter.java:36)
[        ] 	at org.gradle.api.internal.tasks.execution.EventFiringTaskExecuter$1.executeTask(EventFiringTaskExecuter.java:77)
[        ] 	at org.gradle.api.internal.tasks.execution.EventFiringTaskExecuter$1.call(EventFiringTaskExecuter.java:55)
[        ] 	at org.gradle.api.internal.tasks.execution.EventFiringTaskExecuter$1.call(EventFiringTaskExecuter.java:52)
[        ] 	at org.gradle.internal.operations.DefaultBuildOperationRunner$CallableBuildOperationWorker.execute(DefaultBuildOperationRunner.java:209)
[        ] 	at org.gradle.internal.operations.DefaultBuildOperationRunner$CallableBuildOperationWorker.execute(DefaultBuildOperationRunner.java:204)
[        ] 	at org.gradle.internal.operations.DefaultBuildOperationRunner$2.execute(DefaultBuildOperationRunner.java:66)
[        ] 	at org.gradle.internal.operations.DefaultBuildOperationRunner$2.execute(DefaultBuildOperationRunner.java:59)
[        ] 	at org.gradle.internal.operations.DefaultBuildOperationRunner.execute(DefaultBuildOperationRunner.java:166)
[        ] 	at org.gradle.internal.operations.DefaultBuildOperationRunner.execute(DefaultBuildOperationRunner.java:59)
[        ] 	at org.gradle.internal.operations.DefaultBuildOperationRunner.call(DefaultBuildOperationRunner.java:53)
[        ] 	at org.gradle.api.internal.tasks.execution.EventFiringTaskExecuter.execute(EventFiringTaskExecuter.java:52)
[        ] 	at org.gradle.execution.plan.LocalTaskNodeExecutor.execute(LocalTaskNodeExecutor.java:42)
[        ] 	at org.gradle.execution.taskgraph.DefaultTaskExecutionGraph$InvokeNodeExecutorsAction.execute(DefaultTaskExecutionGraph.java:331)
[        ] 	at org.gradle.execution.taskgraph.DefaultTaskExecutionGraph$InvokeNodeExecutorsAction.execute(DefaultTaskExecutionGraph.java:318)
[        ] 	at org.gradle.execution.taskgraph.DefaultTaskExecutionGraph$BuildOperationAwareExecutionAction.lambda$execute$0(DefaultTaskExecutionGraph.java:314)
[        ] 	at org.gradle.internal.operations.CurrentBuildOperationRef.with(CurrentBuildOperationRef.java:85)
[        ] 	at org.gradle.execution.taskgraph.DefaultTaskExecutionGraph$BuildOperationAwareExecutionAction.execute(DefaultTaskExecutionGraph.java:314)
[        ] 	at org.gradle.execution.taskgraph.DefaultTaskExecutionGraph$BuildOperationAwareExecutionAction.execute(DefaultTaskExecutionGraph.java:303)
[        ] 	at org.gradle.execution.plan.DefaultPlanExecutor$ExecutorWorker.execute(DefaultPlanExecutor.java:459)
[        ] 	at org.gradle.execution.plan.DefaultPlanExecutor$ExecutorWorker.run(DefaultPlanExecutor.java:376)
[        ] 	at org.gradle.internal.concurrent.ExecutorPolicy$CatchAndRecordFailures.onExecute(ExecutorPolicy.java:64)
[        ] 	at org.gradle.internal.concurrent.AbstractManagedExecutor$1.run(AbstractManagedExecutor.java:48)
[        ] 	at java.base/java.util.concurrent.ThreadPoolExecutor.runWorker(ThreadPoolExecutor.java:1136)
[        ] 	at java.base/java.util.concurrent.ThreadPoolExecutor$Worker.run(ThreadPoolExecutor.java:635)
[        ] 	at java.base/java.lang.Thread.run(Thread.java:833)
[        ] Caused by: org.gradle.process.internal.ExecException: Process 'command 'C:\flutter\bin\flutter.bat'' finished with non-zero exit value 1
[        ] 	at org.gradle.process.internal.DefaultExecHandle$ExecResultImpl.assertNormalExitValue(DefaultExecHandle.java:442)
[        ] 	at org.gradle.process.internal.DefaultExecAction.execute(DefaultExecAction.java:49)
[        ] 	at org.gradle.process.internal.DefaultExecActionFactory.exec(DefaultExecActionFactory.java:218)
[        ] 	at org.gradle.process.internal.DefaultExecOperations.exec(DefaultExecOperations.java:37)
[        ] 	at com.flutter.gradle.tasks.BaseFlutterTaskHelper.buildBundle(BaseFlutterTaskHelper.kt:174)
[        ] 	at com.flutter.gradle.tasks.BaseFlutterTask.buildBundle(BaseFlutterTask.kt:147)
[        ] 	at com.flutter.gradle.tasks.FlutterTaskHelper.build$gradle(FlutterTaskHelper.kt:90)
[        ] 	at com.flutter.gradle.tasks.FlutterTask.build(FlutterTask.kt:49)
[        ] 	at java.base/jdk.internal.reflect.NativeMethodAccessorImpl.invoke0(Native Method)
[        ] 	at java.base/jdk.internal.reflect.NativeMethodAccessorImpl.invoke(NativeMethodAccessorImpl.java:77)
[        ] 	at java.base/jdk.internal.reflect.DelegatingMethodAccessorImpl.invoke(DelegatingMethodAccessorImpl.java:43)
[        ] 	at java.base/java.lang.reflect.Method.invoke(Method.java:568)
[        ] 	at org.gradle.internal.reflect.JavaMethod.invoke(JavaMethod.java:125)
[        ] 	at org.gradle.api.internal.project.taskfactory.StandardTaskAction.doExecute(StandardTaskAction.java:58)
[        ] 	at org.gradle.api.internal.project.taskfactory.StandardTaskAction.execute(StandardTaskAction.java:51)
[        ] 	at org.gradle.api.internal.project.taskfactory.StandardTaskAction.execute(StandardTaskAction.java:29)
[        ] 	at org.gradle.api.internal.tasks.execution.TaskExecution$3.run(TaskExecution.java:244)
[        ] 	at org.gradle.internal.operations.DefaultBuildOperationRunner$1.execute(DefaultBuildOperationRunner.java:29)
[        ] 	at org.gradle.internal.operations.DefaultBuildOperationRunner$1.execute(DefaultBuildOperationRunner.java:26)
[        ] 	at org.gradle.internal.operations.DefaultBuildOperationRunner$2.execute(DefaultBuildOperationRunner.java:66)
[        ] 	at org.gradle.internal.operations.DefaultBuildOperationRunner$2.execute(DefaultBuildOperationRunner.java:59)
[        ] 	at org.gradle.internal.operations.DefaultBuildOperationRunner.execute(DefaultBuildOperationRunner.java:166)
[        ] 	at org.gradle.internal.operations.DefaultBuildOperationRunner.execute(DefaultBuildOperationRunner.java:59)
[        ] 	at org.gradle.internal.operations.DefaultBuildOperationRunner.run(DefaultBuildOperationRunner.java:47)
[        ] 	at org.gradle.api.internal.tasks.execution.TaskExecution.executeAction(TaskExecution.java:229)
[        ] 	at org.gradle.api.internal.tasks.execution.TaskExecution.executeActions(TaskExecution.java:212)
[        ] 	at org.gradle.api.internal.tasks.execution.TaskExecution.executeWithPreviousOutputFiles(TaskExecution.java:195)
[        ] 	at org.gradle.api.internal.tasks.execution.TaskExecution.execute(TaskExecution.java:162)
[        ] 	at org.gradle.internal.execution.steps.ExecuteStep.executeInternal(ExecuteStep.java:105)
[        ] 	at org.gradle.internal.execution.steps.ExecuteStep.access$000(ExecuteStep.java:44)
[        ] 	at org.gradle.internal.execution.steps.ExecuteStep$1.call(ExecuteStep.java:59)
[        ] 	at org.gradle.internal.execution.steps.ExecuteStep$1.call(ExecuteStep.java:56)
[        ] 	at org.gradle.internal.operations.DefaultBuildOperationRunner$CallableBuildOperationWorker.execute(DefaultBuildOperationRunner.java:209)
[        ] 	at org.gradle.internal.operations.DefaultBuildOperationRunner$CallableBuildOperationWorker.execute(DefaultBuildOperationRunner.java:204)
[        ] 	at org.gradle.internal.operations.DefaultBuildOperationRunner$2.execute(DefaultBuildOperationRunner.java:66)
[        ] 	at org.gradle.internal.operations.DefaultBuildOperationRunner$2.execute(DefaultBuildOperationRunner.java:59)
[        ] 	at org.gradle.internal.operations.DefaultBuildOperationRunner.execute(DefaultBuildOperationRunner.java:166)
[        ] 	at org.gradle.internal.operations.DefaultBuildOperationRunner.execute(DefaultBuildOperationRunner.java:59)
[        ] 	at org.gradle.internal.operations.DefaultBuildOperationRunner.call(DefaultBuildOperationRunner.java:53)
[        ] 	at org.gradle.internal.execution.steps.ExecuteStep.execute(ExecuteStep.java:56)
[        ] 	at org.gradle.internal.execution.steps.ExecuteStep.execute(ExecuteStep.java:44)
[        ] 	at org.gradle.internal.execution.steps.CancelExecutionStep.execute(CancelExecutionStep.java:42)
[        ] 	at org.gradle.internal.execution.steps.TimeoutStep.executeWithoutTimeout(TimeoutStep.java:75)
[        ] 	at org.gradle.internal.execution.steps.TimeoutStep.execute(TimeoutStep.java:55)
[        ] 	at org.gradle.internal.execution.steps.PreCreateOutputParentsStep.execute(PreCreateOutputParentsStep.java:50)
[        ] 	at org.gradle.internal.execution.steps.PreCreateOutputParentsStep.execute(PreCreateOutputParentsStep.java:28)
[        ] 	at org.gradle.internal.execution.steps.RemovePreviousOutputsStep.execute(RemovePreviousOutputsStep.java:67)
[        ] 	at org.gradle.internal.execution.steps.RemovePreviousOutputsStep.execute(RemovePreviousOutputsStep.java:37)
[        ] 	at org.gradle.internal.execution.steps.BroadcastChangingOutputsStep.execute(BroadcastChangingOutputsStep.java:61)
[        ] 	at org.gradle.internal.execution.steps.BroadcastChangingOutputsStep.execute(BroadcastChangingOutputsStep.java:26)
[        ] 	at org.gradle.internal.execution.steps.CaptureOutputsAfterExecutionStep.execute(CaptureOutputsAfterExecutionStep.java:69)
[        ] 	at org.gradle.internal.execution.steps.CaptureOutputsAfterExecutionStep.execute(CaptureOutputsAfterExecutionStep.java:46)
[        ] 	at org.gradle.internal.execution.steps.ResolveInputChangesStep.execute(ResolveInputChangesStep.java:40)
[        ] 	at org.gradle.internal.execution.steps.ResolveInputChangesStep.execute(ResolveInputChangesStep.java:29)
[        ] 	at org.gradle.internal.execution.steps.BuildCacheStep.executeWithoutCache(BuildCacheStep.java:189)
[        ] 	at org.gradle.internal.execution.steps.BuildCacheStep.lambda$execute$1(BuildCacheStep.java:75)
[        ] 	at org.gradle.internal.Either$Right.fold(Either.java:175)
[        ] 	at org.gradle.internal.execution.caching.CachingState.fold(CachingState.java:62)
[        ] 	at org.gradle.internal.execution.steps.BuildCacheStep.execute(BuildCacheStep.java:73)
[        ] 	at org.gradle.internal.execution.steps.BuildCacheStep.execute(BuildCacheStep.java:48)
[        ] 	at org.gradle.internal.execution.steps.StoreExecutionStateStep.execute(StoreExecutionStateStep.java:46)
[        ] 	at org.gradle.internal.execution.steps.StoreExecutionStateStep.execute(StoreExecutionStateStep.java:35)
[        ] 	at org.gradle.internal.execution.steps.SkipUpToDateStep.executeBecause(SkipUpToDateStep.java:75)
[        ] 	at org.gradle.internal.execution.steps.SkipUpToDateStep.lambda$execute$2(SkipUpToDateStep.java:53)
[        ] 	at java.base/java.util.Optional.orElseGet(Optional.java:364)
[        ] 	at org.gradle.internal.execution.steps.SkipUpToDateStep.execute(SkipUpToDateStep.java:53)
[        ] 	at org.gradle.internal.execution.steps.SkipUpToDateStep.execute(SkipUpToDateStep.java:35)
[        ] 	at org.gradle.internal.execution.steps.legacy.MarkSnapshottingInputsFinishedStep.execute(MarkSnapshottingInputsFinishedStep.java:37)
[        ] 	at org.gradle.internal.execution.steps.legacy.MarkSnapshottingInputsFinishedStep.execute(MarkSnapshottingInputsFinishedStep.java:27)
[        ] 	at org.gradle.internal.execution.steps.ResolveIncrementalCachingStateStep.executeDelegate(ResolveIncrementalCachingStateStep.java:49)
[        ] 	at org.gradle.internal.execution.steps.ResolveIncrementalCachingStateStep.executeDelegate(ResolveIncrementalCachingStateStep.java:27)
[        ] 	at org.gradle.internal.execution.steps.AbstractResolveCachingStateStep.execute(AbstractResolveCachingStateStep.java:71)
[        ] 	at org.gradle.internal.execution.steps.AbstractResolveCachingStateStep.execute(AbstractResolveCachingStateStep.java:39)
[        ] 	at org.gradle.internal.execution.steps.ResolveChangesStep.execute(ResolveChangesStep.java:65)
[        ] 	at org.gradle.internal.execution.steps.ResolveChangesStep.execute(ResolveChangesStep.java:36)
[        ] 	at org.gradle.internal.execution.steps.ValidateStep.execute(ValidateStep.java:107)
[        ] 	at org.gradle.internal.execution.steps.ValidateStep.execute(ValidateStep.java:56)
[        ] 	at org.gradle.internal.execution.steps.AbstractCaptureStateBeforeExecutionStep.execute(AbstractCaptureStateBeforeExecutionStep.java:64)
[        ] 	at org.gradle.internal.execution.steps.AbstractCaptureStateBeforeExecutionStep.execute(AbstractCaptureStateBeforeExecutionStep.java:43)
[        ] 	at org.gradle.internal.execution.steps.AbstractSkipEmptyWorkStep.executeWithNonEmptySources(AbstractSkipEmptyWorkStep.java:125)
[        ] 	at org.gradle.internal.execution.steps.AbstractSkipEmptyWorkStep.execute(AbstractSkipEmptyWorkStep.java:56)
[        ] 	at org.gradle.internal.execution.steps.AbstractSkipEmptyWorkStep.execute(AbstractSkipEmptyWorkStep.java:36)
[        ] 	at org.gradle.internal.execution.steps.legacy.MarkSnapshottingInputsStartedStep.execute(MarkSnapshottingInputsStartedStep.java:38)
[        ] 	at org.gradle.internal.execution.steps.LoadPreviousExecutionStateStep.execute(LoadPreviousExecutionStateStep.java:36)
[        ] 	at org.gradle.internal.execution.steps.LoadPreviousExecutionStateStep.execute(LoadPreviousExecutionStateStep.java:23)
[        ] 	at org.gradle.internal.execution.steps.HandleStaleOutputsStep.execute(HandleStaleOutputsStep.java:75)
[        ] 	at org.gradle.internal.execution.steps.HandleStaleOutputsStep.execute(HandleStaleOutputsStep.java:41)
[        ] 	at org.gradle.internal.execution.steps.AssignMutableWorkspaceStep.lambda$execute$0(AssignMutableWorkspaceStep.java:35)
[        ] 	at org.gradle.api.internal.tasks.execution.TaskExecution$4.withWorkspace(TaskExecution.java:289)
[        ] 	at org.gradle.internal.execution.steps.AssignMutableWorkspaceStep.execute(AssignMutableWorkspaceStep.java:31)
[        ] 	at org.gradle.internal.execution.steps.AssignMutableWorkspaceStep.execute(AssignMutableWorkspaceStep.java:22)
[        ] 	at org.gradle.internal.execution.steps.ChoosePipelineStep.execute(ChoosePipelineStep.java:40)
[        ] 	at org.gradle.internal.execution.steps.ChoosePipelineStep.execute(ChoosePipelineStep.java:23)
[        ] 	at org.gradle.internal.execution.steps.ExecuteWorkBuildOperationFiringStep.lambda$execute$2(ExecuteWorkBuildOperationFiringStep.java:67)
[        ] 	at java.base/java.util.Optional.orElseGet(Optional.java:364)
[        ] 	at org.gradle.internal.execution.steps.ExecuteWorkBuildOperationFiringStep.execute(ExecuteWorkBuildOperationFiringStep.java:67)
[        ] 	at org.gradle.internal.execution.steps.ExecuteWorkBuildOperationFiringStep.execute(ExecuteWorkBuildOperationFiringStep.java:39)
[        ] 	at org.gradle.internal.execution.steps.IdentityCacheStep.execute(IdentityCacheStep.java:46)
[        ] 	at org.gradle.internal.execution.steps.IdentityCacheStep.execute(IdentityCacheStep.java:34)
[        ] 	at org.gradle.internal.execution.steps.IdentifyStep.execute(IdentifyStep.java:48)
[        ] 	at org.gradle.internal.execution.steps.IdentifyStep.execute(IdentifyStep.java:35)
[        ] 	at org.gradle.internal.execution.impl.DefaultExecutionEngine$1.execute(DefaultExecutionEngine.java:61)
[        ] 	at org.gradle.api.internal.tasks.execution.ExecuteActionsTaskExecuter.executeIfValid(ExecuteActionsTaskExecuter.java:127)
[        ] 	at org.gradle.api.internal.tasks.execution.ExecuteActionsTaskExecuter.execute(ExecuteActionsTaskExecuter.java:116)
[        ] 	at org.gradle.api.internal.tasks.execution.ProblemsTaskPathTrackingTaskExecuter.execute(ProblemsTaskPathTrackingTaskExecuter.java:40)
[        ] 	at org.gradle.api.internal.tasks.execution.FinalizePropertiesTaskExecuter.execute(FinalizePropertiesTaskExecuter.java:46)
[        ] 	at org.gradle.api.internal.tasks.execution.ResolveTaskExecutionModeExecuter.execute(ResolveTaskExecutionModeExecuter.java:51)
[        ] 	at org.gradle.api.internal.tasks.execution.SkipTaskWithNoActionsExecuter.execute(SkipTaskWithNoActionsExecuter.java:57)
[        ] 	at org.gradle.api.internal.tasks.execution.SkipOnlyIfTaskExecuter.execute(SkipOnlyIfTaskExecuter.java:74)
[        ] 	at org.gradle.api.internal.tasks.execution.CatchExceptionTaskExecuter.execute(CatchExceptionTaskExecuter.java:36)
[        ] 	at org.gradle.api.internal.tasks.execution.EventFiringTaskExecuter$1.executeTask(EventFiringTaskExecuter.java:77)
[        ] 	at org.gradle.api.internal.tasks.execution.EventFiringTaskExecuter$1.call(EventFiringTaskExecuter.java:55)
[        ] 	at org.gradle.api.internal.tasks.execution.EventFiringTaskExecuter$1.call(EventFiringTaskExecuter.java:52)
[        ] 	at org.gradle.internal.operations.DefaultBuildOperationRunner$CallableBuildOperationWorker.execute(DefaultBuildOperationRunner.java:209)
[        ] 	at org.gradle.internal.operations.DefaultBuildOperationRunner$CallableBuildOperationWorker.execute(DefaultBuildOperationRunner.java:204)
[        ] 	at org.gradle.internal.operations.DefaultBuildOperationRunner$2.execute(DefaultBuildOperationRunner.java:66)
[        ] 	at org.gradle.internal.operations.DefaultBuildOperationRunner$2.execute(DefaultBuildOperationRunner.java:59)
[        ] 	at org.gradle.internal.operations.DefaultBuildOperationRunner.execute(DefaultBuildOperationRunner.java:166)
[        ] 	at org.gradle.internal.operations.DefaultBuildOperationRunner.execute(DefaultBuildOperationRunner.java:59)
[        ] 	at org.gradle.internal.operations.DefaultBuildOperationRunner.call(DefaultBuildOperationRunner.java:53)
[        ] 	at org.gradle.api.internal.tasks.execution.EventFiringTaskExecuter.execute(EventFiringTaskExecuter.java:52)
[        ] 	at org.gradle.execution.plan.LocalTaskNodeExecutor.execute(LocalTaskNodeExecutor.java:42)
[        ] 	at org.gradle.execution.taskgraph.DefaultTaskExecutionGraph$InvokeNodeExecutorsAction.execute(DefaultTaskExecutionGraph.java:331)
[        ] 	at org.gradle.execution.taskgraph.DefaultTaskExecutionGraph$InvokeNodeExecutorsAction.execute(DefaultTaskExecutionGraph.java:318)
[        ] 	at org.gradle.execution.taskgraph.DefaultTaskExecutionGraph$BuildOperationAwareExecutionAction.lambda$execute$0(DefaultTaskExecutionGraph.java:314)
[        ] 	at org.gradle.internal.operations.CurrentBuildOperationRef.with(CurrentBuildOperationRef.java:85)
[        ] 	at org.gradle.execution.taskgraph.DefaultTaskExecutionGraph$BuildOperationAwareExecutionAction.execute(DefaultTaskExecutionGraph.java:314)
[        ] 	at org.gradle.execution.taskgraph.DefaultTaskExecutionGraph$BuildOperationAwareExecutionAction.execute(DefaultTaskExecutionGraph.java:303)
[        ] 	at org.gradle.execution.plan.DefaultPlanExecutor$ExecutorWorker.execute(DefaultPlanExecutor.java:459)
[        ] 	at org.gradle.execution.plan.DefaultPlanExecutor$ExecutorWorker.run(DefaultPlanExecutor.java:376)
[        ] 	at org.gradle.internal.concurrent.ExecutorPolicy$CatchAndRecordFailures.onExecute(ExecutorPolicy.java:64)
[        ] 	at org.gradle.internal.concurrent.AbstractManagedExecutor$1.run(AbstractManagedExecutor.java:48)
[        ] 	at java.base/java.util.concurrent.ThreadPoolExecutor.runWorker(ThreadPoolExecutor.java:1136)
[        ] 	at java.base/java.util.concurrent.ThreadPoolExecutor$Worker.run(ThreadPoolExecutor.java:635)
[        ] 	at java.base/java.lang.Thread.run(Thread.java:833)
[        ] BUILD FAILED in 21s
[        ] Deprecated Gradle features were used in this build, making it incompatible with Gradle 9.0.
[        ] You can use '--warning-mode all' to show the individual deprecation warnings and determine if they come from your own scripts or plugins.
[        ] For more on this, please refer to https://docs.gradle.org/8.12/userguide/command_line_interface.html#sec:command_line_warnings in the Gradle documentation.
[        ] 6 actionable tasks: 2 executed, 4 up-to-date
[        ] Watched directory hierarchies: [C:\flutter\packages\flutter_tools\gradle]
[  +40 ms] Running Gradle task 'assembleDebug'... (completed in 21.7s)
[  +47 ms] Error: Gradle task assembleDebug failed with exit code 1
[        ] "flutter run" took 26,736ms.
[ +107 ms] 
           #0      throwToolExit (package:flutter_tools/src/base/common.dart:34:3)
           #1      RunCommand.runCommand (package:flutter_tools/src/commands/run.dart:872:9)
           <asynchronous suspension>
           #2      FlutterCommand.run.<anonymous closure> (package:flutter_tools/src/runner/flutter_command.dart:1581:27)
           <asynchronous suspension>
           #3      AppContext.run.<anonymous closure> (package:flutter_tools/src/base/context.dart:154:19)
           <asynchronous suspension>
           #4      CommandRunner.runCommand (package:args/command_runner.dart:212:13)
           <asynchronous suspension>
           #5      FlutterCommandRunner.runCommand.<anonymous closure> (package:flutter_tools/src/runner/flutter_command_runner.dart:503:9)
           <asynchronous suspension>
           #6      AppContext.run.<anonymous closure> (package:flutter_tools/src/base/context.dart:154:19)
           <asynchronous suspension>
           #7      FlutterCommandRunner.runCommand (package:flutter_tools/src/runner/flutter_command_runner.dart:438:5)
           <asynchronous suspension>
           #8      run.<anonymous closure>.<anonymous closure> (package:flutter_tools/runner.dart:98:11)
           <asynchronous suspension>
           #9      AppContext.run.<anonymous closure> (package:flutter_tools/src/base/context.dart:154:19)
           <asynchronous suspension>
           #10     main (package:flutter_tools/executable.dart:101:3)
           <asynchronous suspension>


[        ] Running 3 shutdown hooks
[   +8 ms] Shutdown hooks complete
[ +264 ms] exiting with code 1
